SF:/Users/cklat/dev/constellation/crates/constellation-core/src/autonomy/benchmarks.rs
FN:535,_RNCNCNvMs0_NtNtCs30zC7DrykB7_18constellation_core8autonomy10benchmarksNtB9_16BenchmarkManager22get_validation_history00Bd_
FN:563,_RNCNCNvMs0_NtNtCs30zC7DrykB7_18constellation_core8autonomy10benchmarksNtB9_16BenchmarkManager26get_benchmarks_by_category00Bd_
FN:603,_RNCNCNvMs0_NtNtCs30zC7DrykB7_18constellation_core8autonomy10benchmarksNtB9_16BenchmarkManager29get_most_applicable_benchmarks_00Bd_
FN:609,_RNCNCNvMs0_NtNtCs30zC7DrykB7_18constellation_core8autonomy10benchmarksNtB9_16BenchmarkManager29get_most_applicable_benchmarks_0s_0Bd_
FN:426,_RNCNCNvMs0_NtNtCs30zC7DrykB7_18constellation_core8autonomy10benchmarksNtB9_16BenchmarkManager32consider_auto_benchmark_creation00Bd_
FN:395,_RNCNvMs0_NtNtCs30zC7DrykB7_18constellation_core8autonomy10benchmarksNtB7_16BenchmarkManager15cleanup_results0Bb_
FN:532,_RNCNvMs0_NtNtCs30zC7DrykB7_18constellation_core8autonomy10benchmarksNtB7_16BenchmarkManager22get_validation_history0Bb_
FN:578,_RNCNvMs0_NtNtCs30zC7DrykB7_18constellation_core8autonomy10benchmarksNtB7_16BenchmarkManager24get_benchmarks_for_level0Bb_
FN:690,_RNCNvMs0_NtNtCs30zC7DrykB7_18constellation_core8autonomy10benchmarksNtB7_16BenchmarkManager25generate_benchmark_reports0_0Bb_
FN:698,_RNCNvMs0_NtNtCs30zC7DrykB7_18constellation_core8autonomy10benchmarksNtB7_16BenchmarkManager25generate_benchmark_reports1_0Bb_
FN:703,_RNCNvMs0_NtNtCs30zC7DrykB7_18constellation_core8autonomy10benchmarksNtB7_16BenchmarkManager25generate_benchmark_reports3_0Bb_
FN:673,_RNCNvMs0_NtNtCs30zC7DrykB7_18constellation_core8autonomy10benchmarksNtB7_16BenchmarkManager25generate_benchmark_reports_0Bb_
FN:560,_RNCNvMs0_NtNtCs30zC7DrykB7_18constellation_core8autonomy10benchmarksNtB7_16BenchmarkManager26get_benchmarks_by_category0Bb_
FN:595,_RNCNvMs0_NtNtCs30zC7DrykB7_18constellation_core8autonomy10benchmarksNtB7_16BenchmarkManager29get_most_applicable_benchmark0Bb_
FN:599,_RNCNvMs0_NtNtCs30zC7DrykB7_18constellation_core8autonomy10benchmarksNtB7_16BenchmarkManager29get_most_applicable_benchmarks_0Bb_
FN:416,_RNCNvMs0_NtNtCs30zC7DrykB7_18constellation_core8autonomy10benchmarksNtB7_16BenchmarkManager32consider_auto_benchmark_creation0Bb_
FN:106,_RNvMs0_NtNtCs30zC7DrykB7_18constellation_core8autonomy10benchmarksNtB5_16BenchmarkManager13add_benchmark
FN:390,_RNvMs0_NtNtCs30zC7DrykB7_18constellation_core8autonomy10benchmarksNtB5_16BenchmarkManager15cleanup_results
FN:617,_RNvMs0_NtNtCs30zC7DrykB7_18constellation_core8autonomy10benchmarksNtB5_16BenchmarkManager18needs_revalidation
FN:542,_RNvMs0_NtNtCs30zC7DrykB7_18constellation_core8autonomy10benchmarksNtB5_16BenchmarkManager20get_validation_score
FN:304,_RNvMs0_NtNtCs30zC7DrykB7_18constellation_core8autonomy10benchmarksNtB5_16BenchmarkManager20validate_measurement
FN:437,_RNvMs0_NtNtCs30zC7DrykB7_18constellation_core8autonomy10benchmarksNtB5_16BenchmarkManager21create_auto_benchmark
FN:807,_RNvMs0_NtNtCs30zC7DrykB7_18constellation_core8autonomy10benchmarksNtB5_16BenchmarkManager22get_benchmark_coverage
FN:527,_RNvMs0_NtNtCs30zC7DrykB7_18constellation_core8autonomy10benchmarksNtB5_16BenchmarkManager22get_validation_history
FN:340,_RNvMs0_NtNtCs30zC7DrykB7_18constellation_core8autonomy10benchmarksNtB5_16BenchmarkManager23is_benchmark_applicable
FN:370,_RNvMs0_NtNtCs30zC7DrykB7_18constellation_core8autonomy10benchmarksNtB5_16BenchmarkManager23store_validation_result
FN:777,_RNvMs0_NtNtCs30zC7DrykB7_18constellation_core8autonomy10benchmarksNtB5_16BenchmarkManager24estimate_benchmark_kappa
FN:570,_RNvMs0_NtNtCs30zC7DrykB7_18constellation_core8autonomy10benchmarksNtB5_16BenchmarkManager24get_benchmarks_for_level
FN:122,_RNvMs0_NtNtCs30zC7DrykB7_18constellation_core8autonomy10benchmarksNtB5_16BenchmarkManager25create_standard_benchmark
FN:635,_RNvMs0_NtNtCs30zC7DrykB7_18constellation_core8autonomy10benchmarksNtB5_16BenchmarkManager25generate_benchmark_report
FN:554,_RNvMs0_NtNtCs30zC7DrykB7_18constellation_core8autonomy10benchmarksNtB5_16BenchmarkManager26get_benchmarks_by_category
FN:588,_RNvMs0_NtNtCs30zC7DrykB7_18constellation_core8autonomy10benchmarksNtB5_16BenchmarkManager29get_most_applicable_benchmark
FN:286,_RNvMs0_NtNtCs30zC7DrykB7_18constellation_core8autonomy10benchmarksNtB5_16BenchmarkManager30initialize_standard_benchmarks
FN:409,_RNvMs0_NtNtCs30zC7DrykB7_18constellation_core8autonomy10benchmarksNtB5_16BenchmarkManager32consider_auto_benchmark_creation
FN:726,_RNvMs0_NtNtCs30zC7DrykB7_18constellation_core8autonomy10benchmarksNtB5_16BenchmarkManager34generate_benchmark_recommendations
FN:96,_RNvMs0_NtNtCs30zC7DrykB7_18constellation_core8autonomy10benchmarksNtB5_16BenchmarkManager3new
FN:76,_RNvMs_NtNtCs30zC7DrykB7_18constellation_core8autonomy10benchmarksNtB4_15BenchmarkResult3age
FN:62,_RNvMs_NtNtCs30zC7DrykB7_18constellation_core8autonomy10benchmarksNtB4_15BenchmarkResult3new
FN:80,_RNvMs_NtNtCs30zC7DrykB7_18constellation_core8autonomy10benchmarksNtB4_15BenchmarkResult8is_valid
FN:38,_RNvXNtNtCs30zC7DrykB7_18constellation_core8autonomy10benchmarksNtB2_15BenchmarkConfigNtNtCskzPJi2J8k3N_4core7default7Default7default
FN:837,_RNvXs1_NtNtCs30zC7DrykB7_18constellation_core8autonomy10benchmarksNtB5_16BenchmarkManagerNtNtCskzPJi2J8k3N_4core7default7Default7default
FNDA:0,_RNCNCNvMs0_NtNtCs30zC7DrykB7_18constellation_core8autonomy10benchmarksNtB9_16BenchmarkManager22get_validation_history00Bd_
FNDA:0,_RNCNCNvMs0_NtNtCs30zC7DrykB7_18constellation_core8autonomy10benchmarksNtB9_16BenchmarkManager26get_benchmarks_by_category00Bd_
FNDA:0,_RNCNCNvMs0_NtNtCs30zC7DrykB7_18constellation_core8autonomy10benchmarksNtB9_16BenchmarkManager29get_most_applicable_benchmarks_00Bd_
FNDA:0,_RNCNCNvMs0_NtNtCs30zC7DrykB7_18constellation_core8autonomy10benchmarksNtB9_16BenchmarkManager29get_most_applicable_benchmarks_0s_0Bd_
FNDA:0,_RNCNCNvMs0_NtNtCs30zC7DrykB7_18constellation_core8autonomy10benchmarksNtB9_16BenchmarkManager32consider_auto_benchmark_creation00Bd_
FNDA:0,_RNCNvMs0_NtNtCs30zC7DrykB7_18constellation_core8autonomy10benchmarksNtB7_16BenchmarkManager15cleanup_results0Bb_
FNDA:0,_RNCNvMs0_NtNtCs30zC7DrykB7_18constellation_core8autonomy10benchmarksNtB7_16BenchmarkManager22get_validation_history0Bb_
FNDA:0,_RNCNvMs0_NtNtCs30zC7DrykB7_18constellation_core8autonomy10benchmarksNtB7_16BenchmarkManager24get_benchmarks_for_level0Bb_
FNDA:0,_RNCNvMs0_NtNtCs30zC7DrykB7_18constellation_core8autonomy10benchmarksNtB7_16BenchmarkManager25generate_benchmark_reports0_0Bb_
FNDA:0,_RNCNvMs0_NtNtCs30zC7DrykB7_18constellation_core8autonomy10benchmarksNtB7_16BenchmarkManager25generate_benchmark_reports1_0Bb_
FNDA:0,_RNCNvMs0_NtNtCs30zC7DrykB7_18constellation_core8autonomy10benchmarksNtB7_16BenchmarkManager25generate_benchmark_reports3_0Bb_
FNDA:0,_RNCNvMs0_NtNtCs30zC7DrykB7_18constellation_core8autonomy10benchmarksNtB7_16BenchmarkManager25generate_benchmark_reports_0Bb_
FNDA:0,_RNCNvMs0_NtNtCs30zC7DrykB7_18constellation_core8autonomy10benchmarksNtB7_16BenchmarkManager26get_benchmarks_by_category0Bb_
FNDA:0,_RNCNvMs0_NtNtCs30zC7DrykB7_18constellation_core8autonomy10benchmarksNtB7_16BenchmarkManager29get_most_applicable_benchmark0Bb_
FNDA:0,_RNCNvMs0_NtNtCs30zC7DrykB7_18constellation_core8autonomy10benchmarksNtB7_16BenchmarkManager29get_most_applicable_benchmarks_0Bb_
FNDA:0,_RNCNvMs0_NtNtCs30zC7DrykB7_18constellation_core8autonomy10benchmarksNtB7_16BenchmarkManager32consider_auto_benchmark_creation0Bb_
FNDA:0,_RNvMs0_NtNtCs30zC7DrykB7_18constellation_core8autonomy10benchmarksNtB5_16BenchmarkManager13add_benchmark
FNDA:0,_RNvMs0_NtNtCs30zC7DrykB7_18constellation_core8autonomy10benchmarksNtB5_16BenchmarkManager15cleanup_results
FNDA:0,_RNvMs0_NtNtCs30zC7DrykB7_18constellation_core8autonomy10benchmarksNtB5_16BenchmarkManager18needs_revalidation
FNDA:0,_RNvMs0_NtNtCs30zC7DrykB7_18constellation_core8autonomy10benchmarksNtB5_16BenchmarkManager20get_validation_score
FNDA:0,_RNvMs0_NtNtCs30zC7DrykB7_18constellation_core8autonomy10benchmarksNtB5_16BenchmarkManager20validate_measurement
FNDA:0,_RNvMs0_NtNtCs30zC7DrykB7_18constellation_core8autonomy10benchmarksNtB5_16BenchmarkManager21create_auto_benchmark
FNDA:0,_RNvMs0_NtNtCs30zC7DrykB7_18constellation_core8autonomy10benchmarksNtB5_16BenchmarkManager22get_benchmark_coverage
FNDA:0,_RNvMs0_NtNtCs30zC7DrykB7_18constellation_core8autonomy10benchmarksNtB5_16BenchmarkManager22get_validation_history
FNDA:0,_RNvMs0_NtNtCs30zC7DrykB7_18constellation_core8autonomy10benchmarksNtB5_16BenchmarkManager23is_benchmark_applicable
FNDA:0,_RNvMs0_NtNtCs30zC7DrykB7_18constellation_core8autonomy10benchmarksNtB5_16BenchmarkManager23store_validation_result
FNDA:0,_RNvMs0_NtNtCs30zC7DrykB7_18constellation_core8autonomy10benchmarksNtB5_16BenchmarkManager24estimate_benchmark_kappa
FNDA:0,_RNvMs0_NtNtCs30zC7DrykB7_18constellation_core8autonomy10benchmarksNtB5_16BenchmarkManager24get_benchmarks_for_level
FNDA:0,_RNvMs0_NtNtCs30zC7DrykB7_18constellation_core8autonomy10benchmarksNtB5_16BenchmarkManager25create_standard_benchmark
FNDA:0,_RNvMs0_NtNtCs30zC7DrykB7_18constellation_core8autonomy10benchmarksNtB5_16BenchmarkManager25generate_benchmark_report
FNDA:0,_RNvMs0_NtNtCs30zC7DrykB7_18constellation_core8autonomy10benchmarksNtB5_16BenchmarkManager26get_benchmarks_by_category
FNDA:0,_RNvMs0_NtNtCs30zC7DrykB7_18constellation_core8autonomy10benchmarksNtB5_16BenchmarkManager29get_most_applicable_benchmark
FNDA:0,_RNvMs0_NtNtCs30zC7DrykB7_18constellation_core8autonomy10benchmarksNtB5_16BenchmarkManager30initialize_standard_benchmarks
FNDA:0,_RNvMs0_NtNtCs30zC7DrykB7_18constellation_core8autonomy10benchmarksNtB5_16BenchmarkManager32consider_auto_benchmark_creation
FNDA:0,_RNvMs0_NtNtCs30zC7DrykB7_18constellation_core8autonomy10benchmarksNtB5_16BenchmarkManager34generate_benchmark_recommendations
FNDA:0,_RNvMs0_NtNtCs30zC7DrykB7_18constellation_core8autonomy10benchmarksNtB5_16BenchmarkManager3new
FNDA:0,_RNvMs_NtNtCs30zC7DrykB7_18constellation_core8autonomy10benchmarksNtB4_15BenchmarkResult3age
FNDA:0,_RNvMs_NtNtCs30zC7DrykB7_18constellation_core8autonomy10benchmarksNtB4_15BenchmarkResult3new
FNDA:0,_RNvMs_NtNtCs30zC7DrykB7_18constellation_core8autonomy10benchmarksNtB4_15BenchmarkResult8is_valid
FNDA:0,_RNvXNtNtCs30zC7DrykB7_18constellation_core8autonomy10benchmarksNtB2_15BenchmarkConfigNtNtCskzPJi2J8k3N_4core7default7Default7default
FNDA:0,_RNvXs1_NtNtCs30zC7DrykB7_18constellation_core8autonomy10benchmarksNtB5_16BenchmarkManagerNtNtCskzPJi2J8k3N_4core7default7Default7default
FNF:41
FNH:0
DA:38,0
DA:39,0
DA:40,0
DA:41,0
DA:42,0
DA:43,0
DA:44,0
DA:45,0
DA:46,0
DA:47,0
DA:48,0
DA:62,0
DA:63,0
DA:64,0
DA:65,0
DA:66,0
DA:67,0
DA:68,0
DA:69,0
DA:70,0
DA:71,0
DA:72,0
DA:73,0
DA:74,0
DA:76,0
DA:77,0
DA:78,0
DA:80,0
DA:81,0
DA:82,0
DA:96,0
DA:97,0
DA:98,0
DA:99,0
DA:100,0
DA:101,0
DA:102,0
DA:103,0
DA:106,0
DA:107,0
DA:108,0
DA:111,0
DA:112,0
DA:113,0
DA:115,0
DA:116,0
DA:117,0
DA:119,0
DA:122,0
DA:123,0
DA:124,0
DA:125,0
DA:126,0
DA:127,0
DA:128,0
DA:129,0
DA:130,0
DA:134,0
DA:135,0
DA:137,0
DA:139,0
DA:141,0
DA:144,0
DA:147,0
DA:150,0
DA:153,0
DA:155,0
DA:156,0
DA:157,0
DA:160,0
DA:164,0
DA:165,0
DA:166,0
DA:167,0
DA:168,0
DA:169,0
DA:170,0
DA:171,0
DA:172,0
DA:173,0
DA:174,0
DA:177,0
DA:180,0
DA:181,0
DA:183,0
DA:185,0
DA:187,0
DA:188,0
DA:189,0
DA:192,0
DA:193,0
DA:195,0
DA:200,0
DA:202,0
DA:206,0
DA:209,0
DA:212,0
DA:214,0
DA:216,0
DA:220,0
DA:223,0
DA:226,0
DA:229,0
DA:230,0
DA:231,0
DA:232,0
DA:233,0
DA:234,0
DA:235,0
DA:236,0
DA:237,0
DA:238,0
DA:239,0
DA:240,0
DA:243,0
DA:244,0
DA:246,0
DA:247,0
DA:248,0
DA:250,0
DA:253,0
DA:254,0
DA:255,0
DA:256,0
DA:257,0
DA:258,0
DA:259,0
DA:260,0
DA:261,0
DA:262,0
DA:263,0
DA:266,0
DA:268,0
DA:269,0
DA:270,0
DA:271,0
DA:272,0
DA:273,0
DA:274,0
DA:275,0
DA:276,0
DA:280,0
DA:282,0
DA:283,0
DA:286,0
DA:287,0
DA:288,0
DA:289,0
DA:290,0
DA:291,0
DA:292,0
DA:293,0
DA:294,0
DA:295,0
DA:296,0
DA:297,0
DA:298,0
DA:299,0
DA:300,0
DA:301,0
DA:304,0
DA:305,0
DA:306,0
DA:307,0
DA:308,0
DA:309,0
DA:311,0
DA:313,0
DA:314,0
DA:316,0
DA:317,0
DA:318,0
DA:319,0
DA:320,0
DA:321,0
DA:322,0
DA:323,0
DA:324,0
DA:325,0
DA:326,0
DA:327,0
DA:328,0
DA:332,0
DA:333,0
DA:334,0
DA:336,0
DA:337,0
DA:340,0
DA:341,0
DA:342,0
DA:343,0
DA:344,0
DA:346,0
DA:347,0
DA:348,0
DA:350,0
DA:351,0
DA:354,0
DA:355,0
DA:356,0
DA:358,0
DA:359,0
DA:362,0
DA:363,0
DA:364,0
DA:366,0
DA:367,0
DA:370,0
DA:371,0
DA:372,0
DA:373,0
DA:374,0
DA:375,0
DA:376,0
DA:377,0
DA:378,0
DA:380,0
DA:381,0
DA:383,0
DA:386,0
DA:387,0
DA:390,0
DA:391,0
DA:393,0
DA:395,0
DA:398,0
DA:399,0
DA:400,0
DA:401,0
DA:402,0
DA:403,0
DA:404,0
DA:405,0
DA:406,0
DA:409,0
DA:411,0
DA:412,0
DA:415,0
DA:416,0
DA:417,0
DA:418,0
DA:419,0
DA:420,0
DA:421,0
DA:422,0
DA:423,0
DA:424,0
DA:425,0
DA:426,0
DA:427,0
DA:429,0
DA:430,0
DA:431,0
DA:432,0
DA:433,0
DA:434,0
DA:437,0
DA:438,0
DA:439,0
DA:441,0
DA:444,0
DA:445,0
DA:447,0
DA:451,0
DA:454,0
DA:455,0
DA:456,0
DA:457,0
DA:458,0
DA:459,0
DA:462,0
DA:466,0
DA:467,0
DA:469,0
DA:470,0
DA:471,0
DA:472,0
DA:473,0
DA:474,0
DA:477,0
DA:480,0
DA:481,0
DA:482,0
DA:483,0
DA:484,0
DA:485,0
DA:486,0
DA:487,0
DA:488,0
DA:489,0
DA:490,0
DA:491,0
DA:494,0
DA:495,0
DA:497,0
DA:498,0
DA:499,0
DA:500,0
DA:501,0
DA:502,0
DA:505,0
DA:508,0
DA:509,0
DA:511,0
DA:512,0
DA:513,0
DA:514,0
DA:515,0
DA:516,0
DA:517,0
DA:518,0
DA:519,0
DA:523,0
DA:524,0
DA:527,0
DA:528,0
DA:530,0
DA:531,0
DA:532,0
DA:533,0
DA:534,0
DA:535,0
DA:536,0
DA:537,0
DA:538,0
DA:539,0
DA:542,0
DA:543,0
DA:545,0
DA:546,0
DA:547,0
DA:549,0
DA:550,0
DA:551,0
DA:554,0
DA:555,0
DA:556,0
DA:558,0
DA:559,0
DA:560,0
DA:561,0
DA:562,0
DA:563,0
DA:564,0
DA:565,0
DA:566,0
DA:567,0
DA:570,0
DA:571,0
DA:572,0
DA:573,0
DA:574,0
DA:576,0
DA:577,0
DA:578,0
DA:579,0
DA:580,0
DA:581,0
DA:582,0
DA:583,0
DA:584,0
DA:585,0
DA:588,0
DA:589,0
DA:590,0
DA:591,0
DA:592,0
DA:593,0
DA:594,0
DA:595,0
DA:596,0
DA:599,0
DA:600,0
DA:601,0
DA:602,0
DA:603,0
DA:604,0
DA:606,0
DA:607,0
DA:608,0
DA:609,0
DA:610,0
DA:612,0
DA:613,0
DA:614,0
DA:617,0
DA:618,0
DA:619,0
DA:620,0
DA:622,0
DA:624,0
DA:625,0
DA:627,0
DA:628,0
DA:631,0
DA:632,0
DA:635,0
DA:636,0
DA:638,0
DA:639,0
DA:640,0
DA:642,0
DA:643,0
DA:646,0
DA:647,0
DA:648,0
DA:649,0
DA:650,0
DA:651,0
DA:653,0
DA:654,0
DA:656,0
DA:660,0
DA:661,0
DA:663,0
DA:664,0
DA:665,0
DA:666,0
DA:667,0
DA:668,0
DA:671,0
DA:672,0
DA:673,0
DA:674,0
DA:675,0
DA:676,0
DA:677,0
DA:680,0
DA:681,0
DA:682,0
DA:683,0
DA:684,0
DA:685,0
DA:688,0
DA:689,0
DA:690,0
DA:691,0
DA:692,0
DA:693,0
DA:694,0
DA:696,0
DA:697,0
DA:698,0
DA:699,0
DA:701,0
DA:702,0
DA:703,0
DA:704,0
DA:706,0
DA:707,0
DA:708,0
DA:709,0
DA:710,0
DA:711,0
DA:712,0
DA:713,0
DA:714,0
DA:715,0
DA:716,0
DA:717,0
DA:718,0
DA:719,0
DA:720,0
DA:721,0
DA:722,0
DA:723,0
DA:726,0
DA:727,0
DA:728,0
DA:729,0
DA:730,0
DA:731,0
DA:732,0
DA:733,0
DA:734,0
DA:736,0
DA:737,0
DA:738,0
DA:739,0
DA:740,0
DA:741,0
DA:743,0
DA:744,0
DA:745,0
DA:746,0
DA:748,0
DA:749,0
DA:750,0
DA:751,0
DA:752,0
DA:754,0
DA:755,0
DA:756,0
DA:757,0
DA:758,0
DA:759,0
DA:761,0
DA:762,0
DA:763,0
DA:764,0
DA:765,0
DA:766,0
DA:768,0
DA:769,0
DA:770,0
DA:771,0
DA:773,0
DA:774,0
DA:777,0
DA:778,0
DA:779,0
DA:780,0
DA:781,0
DA:782,0
DA:784,0
DA:785,0
DA:786,0
DA:789,0
DA:792,0
DA:793,0
DA:795,0
DA:796,0
DA:798,0
DA:799,0
DA:800,0
DA:801,0
DA:802,0
DA:803,0
DA:804,0
DA:807,0
DA:808,0
DA:809,0
DA:811,0
DA:812,0
DA:813,0
DA:815,0
DA:816,0
DA:818,0
DA:819,0
DA:837,0
DA:838,0
DA:839,0
BRF:0
BRH:0
LF:558
LH:0
end_of_record
SF:/Users/cklat/dev/constellation/crates/constellation-core/src/autonomy/collaboration.rs
FN:214,_RNCNvMs0_NtNtCs30zC7DrykB7_18constellation_core8autonomy13collaborationNtB7_28CollaborationPatternDetector14cleanup_events0Bb_
FN:611,_RNCNvMs0_NtNtCs30zC7DrykB7_18constellation_core8autonomy13collaborationNtB7_28CollaborationPatternDetector18get_agent_patterns0Bb_
FN:626,_RNCNvMs0_NtNtCs30zC7DrykB7_18constellation_core8autonomy13collaborationNtB7_28CollaborationPatternDetector19get_stable_patterns0Bb_
FN:234,_RNCNvMs0_NtNtCs30zC7DrykB7_18constellation_core8autonomy13collaborationNtB7_28CollaborationPatternDetector19update_agent_graphs0Bb_
FN:453,_RNCNvMs0_NtNtCs30zC7DrykB7_18constellation_core8autonomy13collaborationNtB7_28CollaborationPatternDetector22is_specialized_pattern0Bb_
FN:465,_RNCNvMs0_NtNtCs30zC7DrykB7_18constellation_core8autonomy13collaborationNtB7_28CollaborationPatternDetector22is_specialized_patterns0_0Bb_
FN:488,_RNCNvMs0_NtNtCs30zC7DrykB7_18constellation_core8autonomy13collaborationNtB7_28CollaborationPatternDetector23is_market_based_pattern0Bb_
FN:203,_RNCNvMs0_NtNtCs30zC7DrykB7_18constellation_core8autonomy13collaborationNtB7_28CollaborationPatternDetector26extract_agent_id_from_node0Bb_
FN:205,_RNCNvMs0_NtNtCs30zC7DrykB7_18constellation_core8autonomy13collaborationNtB7_28CollaborationPatternDetector26extract_agent_id_from_nodes0_0Bb_
FN:206,_RNCNvMs0_NtNtCs30zC7DrykB7_18constellation_core8autonomy13collaborationNtB7_28CollaborationPatternDetector26extract_agent_id_from_nodes1_0Bb_
FN:204,_RNCNvMs0_NtNtCs30zC7DrykB7_18constellation_core8autonomy13collaborationNtB7_28CollaborationPatternDetector26extract_agent_id_from_nodes_0Bb_
FN:721,_RNCNvMs0_NtNtCs30zC7DrykB7_18constellation_core8autonomy13collaborationNtB7_28CollaborationPatternDetector29generate_collaboration_report0Bb_
FN:738,_RNCNvMs0_NtNtCs30zC7DrykB7_18constellation_core8autonomy13collaborationNtB7_28CollaborationPatternDetector29generate_collaboration_reports1_0Bb_
FN:739,_RNCNvMs0_NtNtCs30zC7DrykB7_18constellation_core8autonomy13collaborationNtB7_28CollaborationPatternDetector29generate_collaboration_reports2_0Bb_
FN:747,_RNCNvMs0_NtNtCs30zC7DrykB7_18constellation_core8autonomy13collaborationNtB7_28CollaborationPatternDetector29generate_collaboration_reports3_0Bb_
FN:866,_RNCNvMs1_NtNtCs30zC7DrykB7_18constellation_core8autonomy13collaborationNtB7_23AgentCollaborationGraph15get_connections0Bb_
FN:840,_RNCNvMs1_NtNtCs30zC7DrykB7_18constellation_core8autonomy13collaborationNtB7_23AgentCollaborationGraph23get_connection_strength0Bb_
FN:210,_RNvMs0_NtNtCs30zC7DrykB7_18constellation_core8autonomy13collaborationNtB5_28CollaborationPatternDetector14cleanup_events
FN:251,_RNvMs0_NtNtCs30zC7DrykB7_18constellation_core8autonomy13collaborationNtB5_28CollaborationPatternDetector15detect_patterns
FN:617,_RNvMs0_NtNtCs30zC7DrykB7_18constellation_core8autonomy13collaborationNtB5_28CollaborationPatternDetector16get_all_patterns
FN:365,_RNvMs0_NtNtCs30zC7DrykB7_18constellation_core8autonomy13collaborationNtB5_28CollaborationPatternDetector16is_swarm_pattern
FN:529,_RNvMs0_NtNtCs30zC7DrykB7_18constellation_core8autonomy13collaborationNtB5_28CollaborationPatternDetector17is_hybrid_pattern
FN:606,_RNvMs0_NtNtCs30zC7DrykB7_18constellation_core8autonomy13collaborationNtB5_28CollaborationPatternDetector18get_agent_patterns
FN:323,_RNvMs0_NtNtCs30zC7DrykB7_18constellation_core8autonomy13collaborationNtB5_28CollaborationPatternDetector19detect_pattern_type
FN:590,_RNvMs0_NtNtCs30zC7DrykB7_18constellation_core8autonomy13collaborationNtB5_28CollaborationPatternDetector19generate_pattern_id
FN:623,_RNvMs0_NtNtCs30zC7DrykB7_18constellation_core8autonomy13collaborationNtB5_28CollaborationPatternDetector19get_stable_patterns
FN:499,_RNvMs0_NtNtCs30zC7DrykB7_18constellation_core8autonomy13collaborationNtB5_28CollaborationPatternDetector19is_adaptive_pattern
FN:228,_RNvMs0_NtNtCs30zC7DrykB7_18constellation_core8autonomy13collaborationNtB5_28CollaborationPatternDetector19update_agent_graphs
FN:636,_RNvMs0_NtNtCs30zC7DrykB7_18constellation_core8autonomy13collaborationNtB5_28CollaborationPatternDetector20get_agent_efficiency
FN:117,_RNvMs0_NtNtCs30zC7DrykB7_18constellation_core8autonomy13collaborationNtB5_28CollaborationPatternDetector20record_collaboration
FN:172,_RNvMs0_NtNtCs30zC7DrykB7_18constellation_core8autonomy13collaborationNtB5_28CollaborationPatternDetector21record_from_dtg_edges
FN:430,_RNvMs0_NtNtCs30zC7DrykB7_18constellation_core8autonomy13collaborationNtB5_28CollaborationPatternDetector22is_specialized_pattern
FN:396,_RNvMs0_NtNtCs30zC7DrykB7_18constellation_core8autonomy13collaborationNtB5_28CollaborationPatternDetector23is_hierarchical_pattern
FN:477,_RNvMs0_NtNtCs30zC7DrykB7_18constellation_core8autonomy13collaborationNtB5_28CollaborationPatternDetector23is_market_based_pattern
FN:555,_RNvMs0_NtNtCs30zC7DrykB7_18constellation_core8autonomy13collaborationNtB5_28CollaborationPatternDetector26calculate_pattern_strength
FN:196,_RNvMs0_NtNtCs30zC7DrykB7_18constellation_core8autonomy13collaborationNtB5_28CollaborationPatternDetector26extract_agent_id_from_node
FN:649,_RNvMs0_NtNtCs30zC7DrykB7_18constellation_core8autonomy13collaborationNtB5_28CollaborationPatternDetector26get_collaboration_partners
FN:697,_RNvMs0_NtNtCs30zC7DrykB7_18constellation_core8autonomy13collaborationNtB5_28CollaborationPatternDetector27calculate_pattern_diversity
FN:660,_RNvMs0_NtNtCs30zC7DrykB7_18constellation_core8autonomy13collaborationNtB5_28CollaborationPatternDetector28estimate_collaboration_kappa
FN:146,_RNvMs0_NtNtCs30zC7DrykB7_18constellation_core8autonomy13collaborationNtB5_28CollaborationPatternDetector28record_from_multi_agent_task
FN:709,_RNvMs0_NtNtCs30zC7DrykB7_18constellation_core8autonomy13collaborationNtB5_28CollaborationPatternDetector29generate_collaboration_report
FN:770,_RNvMs0_NtNtCs30zC7DrykB7_18constellation_core8autonomy13collaborationNtB5_28CollaborationPatternDetector38generate_collaboration_recommendations
FN:822,_RNvMs1_NtNtCs30zC7DrykB7_18constellation_core8autonomy13collaborationNtB5_23AgentCollaborationGraph14add_connection
FN:863,_RNvMs1_NtNtCs30zC7DrykB7_18constellation_core8autonomy13collaborationNtB5_23AgentCollaborationGraph15get_connections
FN:837,_RNvMs1_NtNtCs30zC7DrykB7_18constellation_core8autonomy13collaborationNtB5_23AgentCollaborationGraph23get_connection_strength
FN:844,_RNvMs1_NtNtCs30zC7DrykB7_18constellation_core8autonomy13collaborationNtB5_23AgentCollaborationGraph26calculate_leadership_score
FN:815,_RNvMs1_NtNtCs30zC7DrykB7_18constellation_core8autonomy13collaborationNtB5_23AgentCollaborationGraph3new
FN:894,_RNvMs2_NtNtCs30zC7DrykB7_18constellation_core8autonomy13collaborationNtB5_15ConnectionStats15add_interaction
FN:907,_RNvMs2_NtNtCs30zC7DrykB7_18constellation_core8autonomy13collaborationNtB5_15ConnectionStats18calculate_strength
FN:883,_RNvMs2_NtNtCs30zC7DrykB7_18constellation_core8autonomy13collaborationNtB5_15ConnectionStats3new
FN:87,_RNvMs_NtNtCs30zC7DrykB7_18constellation_core8autonomy13collaborationNtB4_18CollaborationEvent3age
FN:68,_RNvMs_NtNtCs30zC7DrykB7_18constellation_core8autonomy13collaborationNtB4_18CollaborationEvent3new
FN:91,_RNvMs_NtNtCs30zC7DrykB7_18constellation_core8autonomy13collaborationNtB4_18CollaborationEvent8is_valid
FN:936,_RNvXs3_NtNtCs30zC7DrykB7_18constellation_core8autonomy13collaborationNtB5_28CollaborationPatternDetectorNtNtCskzPJi2J8k3N_4core7default7Default7default
FN:107,_RNvMs0_NtNtCs30zC7DrykB7_18constellation_core8autonomy13collaborationNtB5_28CollaborationPatternDetector3new
FN:40,_RNvXNtNtCs30zC7DrykB7_18constellation_core8autonomy13collaborationNtB2_19CollaborationConfigNtNtCskzPJi2J8k3N_4core7default7Default7default
FNDA:0,_RNCNvMs0_NtNtCs30zC7DrykB7_18constellation_core8autonomy13collaborationNtB7_28CollaborationPatternDetector14cleanup_events0Bb_
FNDA:0,_RNCNvMs0_NtNtCs30zC7DrykB7_18constellation_core8autonomy13collaborationNtB7_28CollaborationPatternDetector18get_agent_patterns0Bb_
FNDA:0,_RNCNvMs0_NtNtCs30zC7DrykB7_18constellation_core8autonomy13collaborationNtB7_28CollaborationPatternDetector19get_stable_patterns0Bb_
FNDA:0,_RNCNvMs0_NtNtCs30zC7DrykB7_18constellation_core8autonomy13collaborationNtB7_28CollaborationPatternDetector19update_agent_graphs0Bb_
FNDA:0,_RNCNvMs0_NtNtCs30zC7DrykB7_18constellation_core8autonomy13collaborationNtB7_28CollaborationPatternDetector22is_specialized_pattern0Bb_
FNDA:0,_RNCNvMs0_NtNtCs30zC7DrykB7_18constellation_core8autonomy13collaborationNtB7_28CollaborationPatternDetector22is_specialized_patterns0_0Bb_
FNDA:0,_RNCNvMs0_NtNtCs30zC7DrykB7_18constellation_core8autonomy13collaborationNtB7_28CollaborationPatternDetector23is_market_based_pattern0Bb_
FNDA:0,_RNCNvMs0_NtNtCs30zC7DrykB7_18constellation_core8autonomy13collaborationNtB7_28CollaborationPatternDetector26extract_agent_id_from_node0Bb_
FNDA:0,_RNCNvMs0_NtNtCs30zC7DrykB7_18constellation_core8autonomy13collaborationNtB7_28CollaborationPatternDetector26extract_agent_id_from_nodes0_0Bb_
FNDA:0,_RNCNvMs0_NtNtCs30zC7DrykB7_18constellation_core8autonomy13collaborationNtB7_28CollaborationPatternDetector26extract_agent_id_from_nodes1_0Bb_
FNDA:0,_RNCNvMs0_NtNtCs30zC7DrykB7_18constellation_core8autonomy13collaborationNtB7_28CollaborationPatternDetector26extract_agent_id_from_nodes_0Bb_
FNDA:0,_RNCNvMs0_NtNtCs30zC7DrykB7_18constellation_core8autonomy13collaborationNtB7_28CollaborationPatternDetector29generate_collaboration_report0Bb_
FNDA:0,_RNCNvMs0_NtNtCs30zC7DrykB7_18constellation_core8autonomy13collaborationNtB7_28CollaborationPatternDetector29generate_collaboration_reports1_0Bb_
FNDA:0,_RNCNvMs0_NtNtCs30zC7DrykB7_18constellation_core8autonomy13collaborationNtB7_28CollaborationPatternDetector29generate_collaboration_reports2_0Bb_
FNDA:0,_RNCNvMs0_NtNtCs30zC7DrykB7_18constellation_core8autonomy13collaborationNtB7_28CollaborationPatternDetector29generate_collaboration_reports3_0Bb_
FNDA:0,_RNCNvMs1_NtNtCs30zC7DrykB7_18constellation_core8autonomy13collaborationNtB7_23AgentCollaborationGraph15get_connections0Bb_
FNDA:0,_RNCNvMs1_NtNtCs30zC7DrykB7_18constellation_core8autonomy13collaborationNtB7_23AgentCollaborationGraph23get_connection_strength0Bb_
FNDA:0,_RNvMs0_NtNtCs30zC7DrykB7_18constellation_core8autonomy13collaborationNtB5_28CollaborationPatternDetector14cleanup_events
FNDA:0,_RNvMs0_NtNtCs30zC7DrykB7_18constellation_core8autonomy13collaborationNtB5_28CollaborationPatternDetector15detect_patterns
FNDA:0,_RNvMs0_NtNtCs30zC7DrykB7_18constellation_core8autonomy13collaborationNtB5_28CollaborationPatternDetector16get_all_patterns
FNDA:0,_RNvMs0_NtNtCs30zC7DrykB7_18constellation_core8autonomy13collaborationNtB5_28CollaborationPatternDetector16is_swarm_pattern
FNDA:0,_RNvMs0_NtNtCs30zC7DrykB7_18constellation_core8autonomy13collaborationNtB5_28CollaborationPatternDetector17is_hybrid_pattern
FNDA:0,_RNvMs0_NtNtCs30zC7DrykB7_18constellation_core8autonomy13collaborationNtB5_28CollaborationPatternDetector18get_agent_patterns
FNDA:0,_RNvMs0_NtNtCs30zC7DrykB7_18constellation_core8autonomy13collaborationNtB5_28CollaborationPatternDetector19detect_pattern_type
FNDA:0,_RNvMs0_NtNtCs30zC7DrykB7_18constellation_core8autonomy13collaborationNtB5_28CollaborationPatternDetector19generate_pattern_id
FNDA:0,_RNvMs0_NtNtCs30zC7DrykB7_18constellation_core8autonomy13collaborationNtB5_28CollaborationPatternDetector19get_stable_patterns
FNDA:0,_RNvMs0_NtNtCs30zC7DrykB7_18constellation_core8autonomy13collaborationNtB5_28CollaborationPatternDetector19is_adaptive_pattern
FNDA:0,_RNvMs0_NtNtCs30zC7DrykB7_18constellation_core8autonomy13collaborationNtB5_28CollaborationPatternDetector19update_agent_graphs
FNDA:0,_RNvMs0_NtNtCs30zC7DrykB7_18constellation_core8autonomy13collaborationNtB5_28CollaborationPatternDetector20get_agent_efficiency
FNDA:0,_RNvMs0_NtNtCs30zC7DrykB7_18constellation_core8autonomy13collaborationNtB5_28CollaborationPatternDetector20record_collaboration
FNDA:0,_RNvMs0_NtNtCs30zC7DrykB7_18constellation_core8autonomy13collaborationNtB5_28CollaborationPatternDetector21record_from_dtg_edges
FNDA:0,_RNvMs0_NtNtCs30zC7DrykB7_18constellation_core8autonomy13collaborationNtB5_28CollaborationPatternDetector22is_specialized_pattern
FNDA:0,_RNvMs0_NtNtCs30zC7DrykB7_18constellation_core8autonomy13collaborationNtB5_28CollaborationPatternDetector23is_hierarchical_pattern
FNDA:0,_RNvMs0_NtNtCs30zC7DrykB7_18constellation_core8autonomy13collaborationNtB5_28CollaborationPatternDetector23is_market_based_pattern
FNDA:0,_RNvMs0_NtNtCs30zC7DrykB7_18constellation_core8autonomy13collaborationNtB5_28CollaborationPatternDetector26calculate_pattern_strength
FNDA:0,_RNvMs0_NtNtCs30zC7DrykB7_18constellation_core8autonomy13collaborationNtB5_28CollaborationPatternDetector26extract_agent_id_from_node
FNDA:0,_RNvMs0_NtNtCs30zC7DrykB7_18constellation_core8autonomy13collaborationNtB5_28CollaborationPatternDetector26get_collaboration_partners
FNDA:0,_RNvMs0_NtNtCs30zC7DrykB7_18constellation_core8autonomy13collaborationNtB5_28CollaborationPatternDetector27calculate_pattern_diversity
FNDA:0,_RNvMs0_NtNtCs30zC7DrykB7_18constellation_core8autonomy13collaborationNtB5_28CollaborationPatternDetector28estimate_collaboration_kappa
FNDA:0,_RNvMs0_NtNtCs30zC7DrykB7_18constellation_core8autonomy13collaborationNtB5_28CollaborationPatternDetector28record_from_multi_agent_task
FNDA:0,_RNvMs0_NtNtCs30zC7DrykB7_18constellation_core8autonomy13collaborationNtB5_28CollaborationPatternDetector29generate_collaboration_report
FNDA:0,_RNvMs0_NtNtCs30zC7DrykB7_18constellation_core8autonomy13collaborationNtB5_28CollaborationPatternDetector38generate_collaboration_recommendations
FNDA:0,_RNvMs1_NtNtCs30zC7DrykB7_18constellation_core8autonomy13collaborationNtB5_23AgentCollaborationGraph14add_connection
FNDA:0,_RNvMs1_NtNtCs30zC7DrykB7_18constellation_core8autonomy13collaborationNtB5_23AgentCollaborationGraph15get_connections
FNDA:0,_RNvMs1_NtNtCs30zC7DrykB7_18constellation_core8autonomy13collaborationNtB5_23AgentCollaborationGraph23get_connection_strength
FNDA:0,_RNvMs1_NtNtCs30zC7DrykB7_18constellation_core8autonomy13collaborationNtB5_23AgentCollaborationGraph26calculate_leadership_score
FNDA:0,_RNvMs1_NtNtCs30zC7DrykB7_18constellation_core8autonomy13collaborationNtB5_23AgentCollaborationGraph3new
FNDA:0,_RNvMs2_NtNtCs30zC7DrykB7_18constellation_core8autonomy13collaborationNtB5_15ConnectionStats15add_interaction
FNDA:0,_RNvMs2_NtNtCs30zC7DrykB7_18constellation_core8autonomy13collaborationNtB5_15ConnectionStats18calculate_strength
FNDA:0,_RNvMs2_NtNtCs30zC7DrykB7_18constellation_core8autonomy13collaborationNtB5_15ConnectionStats3new
FNDA:0,_RNvMs_NtNtCs30zC7DrykB7_18constellation_core8autonomy13collaborationNtB4_18CollaborationEvent3age
FNDA:0,_RNvMs_NtNtCs30zC7DrykB7_18constellation_core8autonomy13collaborationNtB4_18CollaborationEvent3new
FNDA:0,_RNvMs_NtNtCs30zC7DrykB7_18constellation_core8autonomy13collaborationNtB4_18CollaborationEvent8is_valid
FNDA:0,_RNvXs3_NtNtCs30zC7DrykB7_18constellation_core8autonomy13collaborationNtB5_28CollaborationPatternDetectorNtNtCskzPJi2J8k3N_4core7default7Default7default
FNDA:1,_RNvMs0_NtNtCs30zC7DrykB7_18constellation_core8autonomy13collaborationNtB5_28CollaborationPatternDetector3new
FNDA:1,_RNvXNtNtCs30zC7DrykB7_18constellation_core8autonomy13collaborationNtB2_19CollaborationConfigNtNtCskzPJi2J8k3N_4core7default7Default7default
FNF:56
FNH:2
DA:40,1
DA:41,1
DA:42,1
DA:43,1
DA:44,1
DA:45,1
DA:46,1
DA:47,1
DA:48,1
DA:49,1
DA:50,1
DA:51,1
DA:68,0
DA:69,0
DA:70,0
DA:71,0
DA:72,0
DA:73,0
DA:74,0
DA:75,0
DA:76,0
DA:77,0
DA:78,0
DA:79,0
DA:80,0
DA:81,0
DA:82,0
DA:83,0
DA:84,0
DA:85,0
DA:87,0
DA:88,0
DA:89,0
DA:91,0
DA:92,0
DA:93,0
DA:107,1
DA:108,1
DA:109,1
DA:110,1
DA:111,1
DA:112,1
DA:113,1
DA:114,1
DA:117,0
DA:118,0
DA:119,0
DA:120,0
DA:121,0
DA:122,0
DA:123,0
DA:124,0
DA:125,0
DA:126,0
DA:129,0
DA:130,0
DA:131,0
DA:132,0
DA:133,0
DA:136,0
DA:139,0
DA:142,0
DA:143,0
DA:146,0
DA:147,0
DA:148,0
DA:149,0
DA:150,0
DA:151,0
DA:153,0
DA:155,0
DA:156,0
DA:157,0
DA:159,0
DA:162,0
DA:163,0
DA:164,0
DA:165,0
DA:166,0
DA:167,0
DA:169,0
DA:172,0
DA:173,0
DA:175,0
DA:176,0
DA:177,0
DA:178,0
DA:179,0
DA:180,0
DA:181,0
DA:182,0
DA:183,0
DA:184,0
DA:185,0
DA:186,0
DA:187,0
DA:188,0
DA:189,0
DA:190,0
DA:191,0
DA:193,0
DA:196,0
DA:197,0
DA:198,0
DA:199,0
DA:200,0
DA:201,0
DA:202,0
DA:203,0
DA:204,0
DA:205,0
DA:206,0
DA:207,0
DA:210,0
DA:211,0
DA:213,0
DA:214,0
DA:217,0
DA:218,0
DA:219,0
DA:220,0
DA:221,0
DA:222,0
DA:223,0
DA:225,0
DA:228,0
DA:229,0
DA:231,0
DA:232,0
DA:233,0
DA:234,0
DA:237,0
DA:238,0
DA:239,0
DA:240,0
DA:241,0
DA:242,0
DA:243,0
DA:244,0
DA:245,0
DA:248,0
DA:251,0
DA:252,0
DA:253,0
DA:254,0
DA:257,0
DA:258,0
DA:260,0
DA:261,0
DA:262,0
DA:263,0
DA:264,0
DA:265,0
DA:266,0
DA:267,0
DA:269,0
DA:272,0
DA:273,0
DA:274,0
DA:277,0
DA:278,0
DA:279,0
DA:280,0
DA:283,0
DA:286,0
DA:287,0
DA:288,0
DA:289,0
DA:290,0
DA:293,0
DA:294,0
DA:297,0
DA:298,0
DA:300,0
DA:301,0
DA:302,0
DA:303,0
DA:304,0
DA:305,0
DA:306,0
DA:307,0
DA:308,0
DA:309,0
DA:310,0
DA:311,0
DA:312,0
DA:313,0
DA:314,0
DA:315,0
DA:316,0
DA:317,0
DA:318,0
DA:319,0
DA:320,0
DA:323,0
DA:324,0
DA:325,0
DA:326,0
DA:327,0
DA:328,0
DA:330,0
DA:331,0
DA:332,0
DA:333,0
DA:336,0
DA:337,0
DA:338,0
DA:341,0
DA:342,0
DA:343,0
DA:346,0
DA:347,0
DA:348,0
DA:351,0
DA:352,0
DA:353,0
DA:356,0
DA:357,0
DA:358,0
DA:361,0
DA:362,0
DA:365,0
DA:369,0
DA:370,0
DA:371,0
DA:374,0
DA:375,0
DA:377,0
DA:378,0
DA:379,0
DA:380,0
DA:381,0
DA:382,0
DA:384,0
DA:385,0
DA:386,0
DA:387,0
DA:388,0
DA:392,0
DA:393,0
DA:396,0
DA:400,0
DA:402,0
DA:403,0
DA:405,0
DA:406,0
DA:409,0
DA:410,0
DA:411,0
DA:412,0
DA:413,0
DA:414,0
DA:415,0
DA:416,0
DA:419,0
DA:420,0
DA:421,0
DA:422,0
DA:423,0
DA:426,0
DA:427,0
DA:430,0
DA:434,0
DA:436,0
DA:437,0
DA:438,0
DA:439,0
DA:440,0
DA:441,0
DA:442,0
DA:443,0
DA:448,0
DA:450,0
DA:451,0
DA:452,0
DA:453,0
DA:454,0
DA:456,0
DA:458,0
DA:459,0
DA:462,0
DA:463,0
DA:464,0
DA:465,0
DA:466,0
DA:467,0
DA:468,0
DA:469,0
DA:473,0
DA:474,0
DA:477,0
DA:481,0
DA:483,0
DA:484,0
DA:485,0
DA:486,0
DA:488,0
DA:489,0
DA:490,0
DA:491,0
DA:495,0
DA:496,0
DA:499,0
DA:503,0
DA:504,0
DA:505,0
DA:508,0
DA:510,0
DA:511,0
DA:512,0
DA:515,0
DA:516,0
DA:517,0
DA:518,0
DA:519,0
DA:520,0
DA:521,0
DA:525,0
DA:526,0
DA:529,0
DA:533,0
DA:536,0
DA:537,0
DA:538,0
DA:541,0
DA:542,0
DA:543,0
DA:546,0
DA:547,0
DA:548,0
DA:551,0
DA:552,0
DA:555,0
DA:556,0
DA:557,0
DA:558,0
DA:559,0
DA:560,0
DA:561,0
DA:562,0
DA:563,0
DA:564,0
DA:566,0
DA:570,0
DA:573,0
DA:574,0
DA:575,0
DA:576,0
DA:577,0
DA:578,0
DA:579,0
DA:580,0
DA:581,0
DA:582,0
DA:583,0
DA:586,0
DA:587,0
DA:590,0
DA:591,0
DA:592,0
DA:593,0
DA:594,0
DA:595,0
DA:596,0
DA:598,0
DA:599,0
DA:600,0
DA:601,0
DA:603,0
DA:606,0
DA:607,0
DA:609,0
DA:610,0
DA:611,0
DA:612,0
DA:613,0
DA:614,0
DA:617,0
DA:618,0
DA:619,0
DA:620,0
DA:623,0
DA:624,0
DA:625,0
DA:626,0
DA:627,0
DA:628,0
DA:629,0
DA:631,0
DA:632,0
DA:633,0
DA:636,0
DA:637,0
DA:638,0
DA:640,0
DA:641,0
DA:642,0
DA:644,0
DA:645,0
DA:646,0
DA:649,0
DA:650,0
DA:652,0
DA:653,0
DA:655,0
DA:657,0
DA:660,0
DA:661,0
DA:662,0
DA:663,0
DA:664,0
DA:665,0
DA:667,0
DA:668,0
DA:669,0
DA:672,0
DA:673,0
DA:675,0
DA:678,0
DA:679,0
DA:680,0
DA:682,0
DA:683,0
DA:684,0
DA:686,0
DA:688,0
DA:689,0
DA:690,0
DA:691,0
DA:692,0
DA:693,0
DA:694,0
DA:697,0
DA:698,0
DA:699,0
DA:700,0
DA:702,0
DA:703,0
DA:705,0
DA:706,0
DA:709,0
DA:710,0
DA:711,0
DA:712,0
DA:714,0
DA:715,0
DA:716,0
DA:719,0
DA:720,0
DA:721,0
DA:722,0
DA:723,0
DA:724,0
DA:725,0
DA:727,0
DA:730,0
DA:731,0
DA:733,0
DA:736,0
DA:737,0
DA:738,0
DA:739,0
DA:740,0
DA:742,0
DA:745,0
DA:746,0
DA:747,0
DA:748,0
DA:750,0
DA:751,0
DA:752,0
DA:753,0
DA:754,0
DA:755,0
DA:756,0
DA:757,0
DA:758,0
DA:759,0
DA:760,0
DA:761,0
DA:762,0
DA:763,0
DA:764,0
DA:765,0
DA:766,0
DA:767,0
DA:770,0
DA:771,0
DA:772,0
DA:773,0
DA:774,0
DA:775,0
DA:776,0
DA:777,0
DA:779,0
DA:780,0
DA:781,0
DA:782,0
DA:784,0
DA:785,0
DA:786,0
DA:787,0
DA:789,0
DA:790,0
DA:791,0
DA:793,0
DA:794,0
DA:795,0
DA:796,0
DA:798,0
DA:799,0
DA:800,0
DA:801,0
DA:803,0
DA:804,0
DA:815,0
DA:816,0
DA:817,0
DA:818,0
DA:819,0
DA:820,0
DA:822,0
DA:823,0
DA:824,0
DA:825,0
DA:826,0
DA:827,0
DA:828,0
DA:829,0
DA:830,0
DA:831,0
DA:832,0
DA:834,0
DA:835,0
DA:837,0
DA:838,0
DA:839,0
DA:840,0
DA:841,0
DA:842,0
DA:844,0
DA:848,0
DA:849,0
DA:851,0
DA:852,0
DA:853,0
DA:854,0
DA:856,0
DA:857,0
DA:859,0
DA:861,0
DA:863,0
DA:864,0
DA:865,0
DA:866,0
DA:867,0
DA:868,0
DA:883,0
DA:884,0
DA:885,0
DA:886,0
DA:887,0
DA:888,0
DA:889,0
DA:890,0
DA:891,0
DA:892,0
DA:894,0
DA:895,0
DA:896,0
DA:897,0
DA:898,0
DA:899,0
DA:901,0
DA:902,0
DA:903,0
DA:904,0
DA:905,0
DA:907,0
DA:908,0
DA:909,0
DA:910,0
DA:912,0
DA:913,0
DA:916,0
DA:917,0
DA:936,0
DA:937,0
DA:938,0
BRF:0
BRH:0
LF:606
LH:20
end_of_record
SF:/Users/cklat/dev/constellation/crates/constellation-core/src/autonomy/measurement_engine.rs
FN:428,_RNCNvMs0_NtNtCs30zC7DrykB7_18constellation_core8autonomy18measurement_engineNtB7_25AutonomyMeasurementEngine16measure_autonomy0Bb_
FN:623,_RNCNvMs0_NtNtCs30zC7DrykB7_18constellation_core8autonomy18measurement_engineNtB7_25AutonomyMeasurementEngine22get_agents_by_autonomy0Bb_
FN:632,_RNCNvMs0_NtNtCs30zC7DrykB7_18constellation_core8autonomy18measurement_engineNtB7_25AutonomyMeasurementEngine22get_agents_by_autonomys_0Bb_
FN:409,_RNvMs0_NtNtCs30zC7DrykB7_18constellation_core8autonomy18measurement_engineNtB5_25AutonomyMeasurementEngine16measure_autonomy
FN:470,_RNvMs0_NtNtCs30zC7DrykB7_18constellation_core8autonomy18measurement_engineNtB5_25AutonomyMeasurementEngine20get_last_measurement
FN:604,_RNvMs0_NtNtCs30zC7DrykB7_18constellation_core8autonomy18measurement_engineNtB5_25AutonomyMeasurementEngine20is_ready_to_level_up
FN:243,_RNvMs0_NtNtCs30zC7DrykB7_18constellation_core8autonomy18measurement_engineNtB5_25AutonomyMeasurementEngine20record_from_dtg_node
FN:476,_RNvMs0_NtNtCs30zC7DrykB7_18constellation_core8autonomy18measurement_engineNtB5_25AutonomyMeasurementEngine21get_progress_tracking
FN:619,_RNvMs0_NtNtCs30zC7DrykB7_18constellation_core8autonomy18measurement_engineNtB5_25AutonomyMeasurementEngine22get_agents_by_autonomy
FN:591,_RNvMs0_NtNtCs30zC7DrykB7_18constellation_core8autonomy18measurement_engineNtB5_25AutonomyMeasurementEngine23estimate_time_to_target
FN:179,_RNvMs0_NtNtCs30zC7DrykB7_18constellation_core8autonomy18measurement_engineNtB5_25AutonomyMeasurementEngine23record_from_task_result
FN:451,_RNvMs0_NtNtCs30zC7DrykB7_18constellation_core8autonomy18measurement_engineNtB5_25AutonomyMeasurementEngine24update_progress_tracking
FN:533,_RNvMs0_NtNtCs30zC7DrykB7_18constellation_core8autonomy18measurement_engineNtB5_25AutonomyMeasurementEngine31analyze_configuration_potential
FN:482,_RNvMs0_NtNtCs30zC7DrykB7_18constellation_core8autonomy18measurement_engineNtB5_25AutonomyMeasurementEngine31get_improvement_recommendations
FN:643,_RNvXs1_NtNtCs30zC7DrykB7_18constellation_core8autonomy18measurement_engineNtB5_25AutonomyMeasurementEngineNtNtCskzPJi2J8k3N_4core7default7Default7default
FN:307,_RNCNCNvMs0_NtNtCs30zC7DrykB7_18constellation_core8autonomy18measurement_engineNtB9_25AutonomyMeasurementEngine22calculate_kappa_scores00Bd_
FN:167,_RNCNvMs0_NtNtCs30zC7DrykB7_18constellation_core8autonomy18measurement_engineNtB7_25AutonomyMeasurementEngine18record_observation0Bb_
FN:307,_RNCNvMs0_NtNtCs30zC7DrykB7_18constellation_core8autonomy18measurement_engineNtB7_25AutonomyMeasurementEngine22calculate_kappa_scores0Bb_
FN:145,_RNvMs0_NtNtCs30zC7DrykB7_18constellation_core8autonomy18measurement_engineNtB5_25AutonomyMeasurementEngine18record_observation
FN:299,_RNvMs0_NtNtCs30zC7DrykB7_18constellation_core8autonomy18measurement_engineNtB5_25AutonomyMeasurementEngine22calculate_kappa_scores
FN:342,_RNvMs0_NtNtCs30zC7DrykB7_18constellation_core8autonomy18measurement_engineNtB5_25AutonomyMeasurementEngine24determine_autonomy_level
FN:385,_RNvMs0_NtNtCs30zC7DrykB7_18constellation_core8autonomy18measurement_engineNtB5_25AutonomyMeasurementEngine25calculate_composite_kappa
FN:135,_RNvMs0_NtNtCs30zC7DrykB7_18constellation_core8autonomy18measurement_engineNtB5_25AutonomyMeasurementEngine3new
FN:117,_RNvMs_NtNtCs30zC7DrykB7_18constellation_core8autonomy18measurement_engineNtB4_21CapabilityObservation14weighted_score
FN:109,_RNvMs_NtNtCs30zC7DrykB7_18constellation_core8autonomy18measurement_engineNtB4_21CapabilityObservation3age
FN:91,_RNvMs_NtNtCs30zC7DrykB7_18constellation_core8autonomy18measurement_engineNtB4_21CapabilityObservation3new
FN:113,_RNvMs_NtNtCs30zC7DrykB7_18constellation_core8autonomy18measurement_engineNtB4_21CapabilityObservation8is_valid
FN:37,_RNvXNtNtCs30zC7DrykB7_18constellation_core8autonomy18measurement_engineNtB2_17MeasurementConfigNtNtCskzPJi2J8k3N_4core7default7Default7default
FNDA:0,_RNCNvMs0_NtNtCs30zC7DrykB7_18constellation_core8autonomy18measurement_engineNtB7_25AutonomyMeasurementEngine16measure_autonomy0Bb_
FNDA:0,_RNCNvMs0_NtNtCs30zC7DrykB7_18constellation_core8autonomy18measurement_engineNtB7_25AutonomyMeasurementEngine22get_agents_by_autonomy0Bb_
FNDA:0,_RNCNvMs0_NtNtCs30zC7DrykB7_18constellation_core8autonomy18measurement_engineNtB7_25AutonomyMeasurementEngine22get_agents_by_autonomys_0Bb_
FNDA:0,_RNvMs0_NtNtCs30zC7DrykB7_18constellation_core8autonomy18measurement_engineNtB5_25AutonomyMeasurementEngine16measure_autonomy
FNDA:0,_RNvMs0_NtNtCs30zC7DrykB7_18constellation_core8autonomy18measurement_engineNtB5_25AutonomyMeasurementEngine20get_last_measurement
FNDA:0,_RNvMs0_NtNtCs30zC7DrykB7_18constellation_core8autonomy18measurement_engineNtB5_25AutonomyMeasurementEngine20is_ready_to_level_up
FNDA:0,_RNvMs0_NtNtCs30zC7DrykB7_18constellation_core8autonomy18measurement_engineNtB5_25AutonomyMeasurementEngine20record_from_dtg_node
FNDA:0,_RNvMs0_NtNtCs30zC7DrykB7_18constellation_core8autonomy18measurement_engineNtB5_25AutonomyMeasurementEngine21get_progress_tracking
FNDA:0,_RNvMs0_NtNtCs30zC7DrykB7_18constellation_core8autonomy18measurement_engineNtB5_25AutonomyMeasurementEngine22get_agents_by_autonomy
FNDA:0,_RNvMs0_NtNtCs30zC7DrykB7_18constellation_core8autonomy18measurement_engineNtB5_25AutonomyMeasurementEngine23estimate_time_to_target
FNDA:0,_RNvMs0_NtNtCs30zC7DrykB7_18constellation_core8autonomy18measurement_engineNtB5_25AutonomyMeasurementEngine23record_from_task_result
FNDA:0,_RNvMs0_NtNtCs30zC7DrykB7_18constellation_core8autonomy18measurement_engineNtB5_25AutonomyMeasurementEngine24update_progress_tracking
FNDA:0,_RNvMs0_NtNtCs30zC7DrykB7_18constellation_core8autonomy18measurement_engineNtB5_25AutonomyMeasurementEngine31analyze_configuration_potential
FNDA:0,_RNvMs0_NtNtCs30zC7DrykB7_18constellation_core8autonomy18measurement_engineNtB5_25AutonomyMeasurementEngine31get_improvement_recommendations
FNDA:0,_RNvXs1_NtNtCs30zC7DrykB7_18constellation_core8autonomy18measurement_engineNtB5_25AutonomyMeasurementEngineNtNtCskzPJi2J8k3N_4core7default7Default7default
FNDA:30,_RNCNCNvMs0_NtNtCs30zC7DrykB7_18constellation_core8autonomy18measurement_engineNtB9_25AutonomyMeasurementEngine22calculate_kappa_scores00Bd_
FNDA:6,_RNCNvMs0_NtNtCs30zC7DrykB7_18constellation_core8autonomy18measurement_engineNtB7_25AutonomyMeasurementEngine18record_observation0Bb_
FNDA:10,_RNCNvMs0_NtNtCs30zC7DrykB7_18constellation_core8autonomy18measurement_engineNtB7_25AutonomyMeasurementEngine22calculate_kappa_scores0Bb_
FNDA:3,_RNvMs0_NtNtCs30zC7DrykB7_18constellation_core8autonomy18measurement_engineNtB5_25AutonomyMeasurementEngine18record_observation
FNDA:1,_RNvMs0_NtNtCs30zC7DrykB7_18constellation_core8autonomy18measurement_engineNtB5_25AutonomyMeasurementEngine22calculate_kappa_scores
FNDA:1,_RNvMs0_NtNtCs30zC7DrykB7_18constellation_core8autonomy18measurement_engineNtB5_25AutonomyMeasurementEngine24determine_autonomy_level
FNDA:1,_RNvMs0_NtNtCs30zC7DrykB7_18constellation_core8autonomy18measurement_engineNtB5_25AutonomyMeasurementEngine25calculate_composite_kappa
FNDA:1,_RNvMs0_NtNtCs30zC7DrykB7_18constellation_core8autonomy18measurement_engineNtB5_25AutonomyMeasurementEngine3new
FNDA:3,_RNvMs_NtNtCs30zC7DrykB7_18constellation_core8autonomy18measurement_engineNtB4_21CapabilityObservation14weighted_score
FNDA:9,_RNvMs_NtNtCs30zC7DrykB7_18constellation_core8autonomy18measurement_engineNtB4_21CapabilityObservation3age
FNDA:3,_RNvMs_NtNtCs30zC7DrykB7_18constellation_core8autonomy18measurement_engineNtB4_21CapabilityObservation3new
FNDA:6,_RNvMs_NtNtCs30zC7DrykB7_18constellation_core8autonomy18measurement_engineNtB4_21CapabilityObservation8is_valid
FNDA:1,_RNvXNtNtCs30zC7DrykB7_18constellation_core8autonomy18measurement_engineNtB2_17MeasurementConfigNtNtCskzPJi2J8k3N_4core7default7Default7default
FNF:28
FNH:13
DA:37,1
DA:38,1
DA:39,1
DA:40,1
DA:41,1
DA:42,1
DA:43,1
DA:44,1
DA:45,1
DA:46,1
DA:47,1
DA:48,1
DA:50,1
DA:51,1
DA:52,1
DA:53,1
DA:54,1
DA:55,1
DA:56,1
DA:57,1
DA:58,1
DA:59,1
DA:60,1
DA:62,1
DA:63,10
DA:64,10
DA:65,10
DA:67,1
DA:68,1
DA:69,1
DA:70,1
DA:71,1
DA:72,1
DA:73,1
DA:74,1
DA:75,1
DA:91,3
DA:92,3
DA:93,3
DA:94,3
DA:95,3
DA:96,3
DA:97,3
DA:98,3
DA:99,3
DA:100,3
DA:101,3
DA:102,3
DA:103,3
DA:104,3
DA:105,3
DA:106,3
DA:107,3
DA:109,9
DA:110,9
DA:111,9
DA:113,6
DA:114,6
DA:115,6
DA:117,3
DA:118,3
DA:119,3
DA:120,3
DA:121,3
DA:135,1
DA:136,1
DA:137,1
DA:138,1
DA:139,1
DA:140,1
DA:141,1
DA:142,1
DA:145,3
DA:146,3
DA:147,3
DA:148,3
DA:149,3
DA:150,3
DA:151,3
DA:152,3
DA:153,3
DA:154,3
DA:155,3
DA:157,3
DA:158,3
DA:161,3
DA:164,3
DA:166,3
DA:167,6
DA:171,3
DA:172,0
DA:173,0
DA:174,3
DA:175,0
DA:176,3
DA:179,0
DA:180,0
DA:181,0
DA:182,0
DA:183,0
DA:184,0
DA:190,0
DA:191,0
DA:192,0
DA:194,0
DA:196,0
DA:198,0
DA:199,0
DA:200,0
DA:201,0
DA:202,0
DA:203,0
DA:204,0
DA:206,0
DA:209,0
DA:210,0
DA:212,0
DA:214,0
DA:216,0
DA:217,0
DA:218,0
DA:219,0
DA:220,0
DA:221,0
DA:222,0
DA:227,0
DA:228,0
DA:229,0
DA:230,0
DA:231,0
DA:232,0
DA:233,0
DA:234,0
DA:235,0
DA:236,0
DA:237,0
DA:238,0
DA:239,0
DA:240,0
DA:243,0
DA:244,0
DA:245,0
DA:246,0
DA:247,0
DA:248,0
DA:250,0
DA:251,0
DA:252,0
DA:253,0
DA:254,0
DA:255,0
DA:256,0
DA:257,0
DA:258,0
DA:259,0
DA:260,0
DA:261,0
DA:262,0
DA:263,0
DA:264,0
DA:265,0
DA:266,0
DA:267,0
DA:268,0
DA:269,0
DA:270,0
DA:271,0
DA:272,0
DA:273,0
DA:274,0
DA:275,0
DA:276,0
DA:277,0
DA:278,0
DA:279,0
DA:280,0
DA:281,0
DA:282,0
DA:283,0
DA:284,0
DA:285,0
DA:286,0
DA:287,0
DA:288,0
DA:289,0
DA:290,0
DA:291,0
DA:292,0
DA:293,0
DA:294,0
DA:296,0
DA:299,1
DA:300,1
DA:301,1
DA:303,1
DA:305,10
DA:306,10
DA:307,30
DA:308,10
DA:311,3
DA:312,3
DA:314,6
DA:315,3
DA:316,3
DA:317,3
DA:318,3
DA:319,3
DA:320,3
DA:321,3
DA:323,3
DA:324,3
DA:325,3
DA:326,3
DA:327,3
DA:328,3
DA:329,3
DA:330,3
DA:331,3
DA:332,3
DA:333,3
DA:334,3
DA:335,7
DA:338,1
DA:339,1
DA:342,1
DA:343,1
DA:344,1
DA:345,1
DA:346,1
DA:348,1
DA:353,1
DA:355,6
DA:356,1
DA:357,1
DA:358,1
DA:359,1
DA:360,1
DA:361,1
DA:362,1
DA:363,1
DA:364,1
DA:365,1
DA:367,6
DA:368,6
DA:369,6
DA:370,6
DA:371,6
DA:372,6
DA:374,6
DA:375,5
DA:376,5
DA:377,1
DA:381,1
DA:382,1
DA:385,1
DA:386,1
DA:387,0
DA:388,1
DA:390,1
DA:391,1
DA:393,4
DA:394,3
DA:395,3
DA:396,3
DA:397,3
DA:398,3
DA:399,3
DA:401,1
DA:402,1
DA:404,0
DA:406,1
DA:409,0
DA:410,0
DA:411,0
DA:412,0
DA:413,0
DA:415,0
DA:417,0
DA:418,0
DA:419,0
DA:422,0
DA:425,0
DA:426,0
DA:427,0
DA:428,0
DA:429,0
DA:432,0
DA:433,0
DA:434,0
DA:435,0
DA:436,0
DA:437,0
DA:441,0
DA:442,0
DA:445,0
DA:447,0
DA:448,0
DA:451,0
DA:452,0
DA:454,0
DA:455,0
DA:456,0
DA:457,0
DA:458,0
DA:459,0
DA:460,0
DA:461,0
DA:462,0
DA:463,0
DA:464,0
DA:465,0
DA:466,0
DA:467,0
DA:470,0
DA:471,0
DA:472,0
DA:473,0
DA:476,0
DA:477,0
DA:478,0
DA:479,0
DA:482,0
DA:483,0
DA:485,0
DA:487,0
DA:488,0
DA:489,0
DA:491,0
DA:493,0
DA:496,0
DA:499,0
DA:502,0
DA:505,0
DA:508,0
DA:511,0
DA:514,0
DA:517,0
DA:520,0
DA:524,0
DA:525,0
DA:527,0
DA:529,0
DA:530,0
DA:533,0
DA:534,0
DA:535,0
DA:536,0
DA:537,0
DA:540,0
DA:541,0
DA:542,0
DA:543,0
DA:546,0
DA:547,0
DA:549,0
DA:550,0
DA:551,0
DA:553,0
DA:554,0
DA:555,0
DA:559,0
DA:560,0
DA:561,0
DA:562,0
DA:563,0
DA:564,0
DA:565,0
DA:568,0
DA:571,0
DA:572,0
DA:573,0
DA:574,0
DA:575,0
DA:576,0
DA:577,0
DA:580,0
DA:583,0
DA:584,0
DA:585,0
DA:587,0
DA:588,0
DA:591,0
DA:592,0
DA:593,0
DA:594,0
DA:595,0
DA:596,0
DA:597,0
DA:599,0
DA:601,0
DA:604,0
DA:605,0
DA:606,0
DA:608,0
DA:609,0
DA:610,0
DA:611,0
DA:612,0
DA:613,0
DA:614,0
DA:615,0
DA:616,0
DA:619,0
DA:620,0
DA:621,0
DA:622,0
DA:623,0
DA:624,0
DA:625,0
DA:626,0
DA:627,0
DA:628,0
DA:629,0
DA:630,0
DA:632,0
DA:633,0
DA:634,0
DA:635,0
DA:636,0
DA:638,0
DA:639,0
DA:643,0
DA:644,0
DA:645,0
BRF:0
BRH:0
LF:430
LH:173
end_of_record
SF:/Users/cklat/dev/constellation/crates/constellation-core/src/autonomy/open_world.rs
FN:329,_RNCNCNvMNtNtCs30zC7DrykB7_18constellation_core8autonomy10open_worldNtB6_28OpenWorldResearchEnvironment18execute_experiment00Ba_
FN:369,_RNCNCNvMNtNtCs30zC7DrykB7_18constellation_core8autonomy10open_worldNtB6_28OpenWorldResearchEnvironment18validate_discovery00Ba_
FN:389,_RNCNCNvMNtNtCs30zC7DrykB7_18constellation_core8autonomy10open_worldNtB6_28OpenWorldResearchEnvironment18validate_discovery0s0_0Ba_
FN:377,_RNCNCNvMNtNtCs30zC7DrykB7_18constellation_core8autonomy10open_worldNtB6_28OpenWorldResearchEnvironment18validate_discovery0s_0Ba_
FN:415,_RNCNCNvMNtNtCs30zC7DrykB7_18constellation_core8autonomy10open_worldNtB6_28OpenWorldResearchEnvironment25get_experiments_by_status00Ba_
FN:448,_RNCNCNvMNtNtCs30zC7DrykB7_18constellation_core8autonomy10open_worldNtB6_28OpenWorldResearchEnvironment29calculate_exploration_balance00Ba_
FN:450,_RNCNCNvMNtNtCs30zC7DrykB7_18constellation_core8autonomy10open_worldNtB6_28OpenWorldResearchEnvironment29calculate_exploration_balance0s_0Ba_
FN:467,_RNCNCNvMNtNtCs30zC7DrykB7_18constellation_core8autonomy10open_worldNtB6_28OpenWorldResearchEnvironment34calculate_collaboration_efficiency00Ba_
FN:472,_RNCNCNvMNtNtCs30zC7DrykB7_18constellation_core8autonomy10open_worldNtB6_28OpenWorldResearchEnvironment34calculate_collaboration_efficiency0s_0Ba_
FN:494,_RNCNvMNtNtCs30zC7DrykB7_18constellation_core8autonomy10open_worldNtB4_28OpenWorldResearchEnvironment11get_metrics0B8_
FN:343,_RNCNvMNtNtCs30zC7DrykB7_18constellation_core8autonomy10open_worldNtB4_28OpenWorldResearchEnvironment16record_discovery0B8_
FN:302,_RNCNvMNtNtCs30zC7DrykB7_18constellation_core8autonomy10open_worldNtB4_28OpenWorldResearchEnvironment17design_experiment0B8_
FN:324,_RNCNvMNtNtCs30zC7DrykB7_18constellation_core8autonomy10open_worldNtB4_28OpenWorldResearchEnvironment18execute_experiment0B8_
FN:281,_RNCNvMNtNtCs30zC7DrykB7_18constellation_core8autonomy10open_worldNtB4_28OpenWorldResearchEnvironment18propose_hypothesis0B8_
FN:364,_RNCNvMNtNtCs30zC7DrykB7_18constellation_core8autonomy10open_worldNtB4_28OpenWorldResearchEnvironment18validate_discovery0B8_
FN:411,_RNCNvMNtNtCs30zC7DrykB7_18constellation_core8autonomy10open_worldNtB4_28OpenWorldResearchEnvironment25get_experiments_by_status0B8_
FN:444,_RNCNvMNtNtCs30zC7DrykB7_18constellation_core8autonomy10open_worldNtB4_28OpenWorldResearchEnvironment29calculate_exploration_balance0B8_
FN:461,_RNCNvMNtNtCs30zC7DrykB7_18constellation_core8autonomy10open_worldNtB4_28OpenWorldResearchEnvironment34calculate_collaboration_efficiency0B8_
FN:555,_RNCNCNvMNtNtCs30zC7DrykB7_18constellation_core8autonomy10open_worldNtB6_28OpenWorldResearchEnvironment24generate_recommendations00Ba_
FN:402,_RNCNCNvMNtNtCs30zC7DrykB7_18constellation_core8autonomy10open_worldNtB6_28OpenWorldResearchEnvironment24get_hypotheses_by_domain00Ba_
FN:428,_RNCNCNvMNtNtCs30zC7DrykB7_18constellation_core8autonomy10open_worldNtB6_28OpenWorldResearchEnvironment31get_discoveries_by_significance00Ba_
FN:598,_RNCNCNvMNtNtCs30zC7DrykB7_18constellation_core8autonomy10open_worldNtB6_28OpenWorldResearchEnvironment33integrate_discovery_into_autonomy00Ba_
FN:508,_RNCNvMNtNtCs30zC7DrykB7_18constellation_core8autonomy10open_worldNtB4_28OpenWorldResearchEnvironment24generate_recommendations0B8_
FN:398,_RNCNvMNtNtCs30zC7DrykB7_18constellation_core8autonomy10open_worldNtB4_28OpenWorldResearchEnvironment24get_hypotheses_by_domain0B8_
FN:438,_RNCNvMNtNtCs30zC7DrykB7_18constellation_core8autonomy10open_worldNtB4_28OpenWorldResearchEnvironment25update_agent_capabilities0B8_
FN:424,_RNCNvMNtNtCs30zC7DrykB7_18constellation_core8autonomy10open_worldNtB4_28OpenWorldResearchEnvironment31get_discoveries_by_significance0B8_
FN:568,_RNCNvMNtNtCs30zC7DrykB7_18constellation_core8autonomy10open_worldNtB4_28OpenWorldResearchEnvironment32calculate_hypothesis_match_score0B8_
FN:577,_RNCNvMNtNtCs30zC7DrykB7_18constellation_core8autonomy10open_worldNtB4_28OpenWorldResearchEnvironment32calculate_hypothesis_match_scores_0B8_
FN:594,_RNCNvMNtNtCs30zC7DrykB7_18constellation_core8autonomy10open_worldNtB4_28OpenWorldResearchEnvironment33integrate_discovery_into_autonomy0B8_
FN:504,_RNvMNtNtCs30zC7DrykB7_18constellation_core8autonomy10open_worldNtB2_28OpenWorldResearchEnvironment24generate_recommendations
FN:398,_RNvMNtNtCs30zC7DrykB7_18constellation_core8autonomy10open_worldNtB2_28OpenWorldResearchEnvironment24get_hypotheses_by_domain
FN:434,_RNvMNtNtCs30zC7DrykB7_18constellation_core8autonomy10open_worldNtB2_28OpenWorldResearchEnvironment25update_agent_capabilities
FN:421,_RNvMNtNtCs30zC7DrykB7_18constellation_core8autonomy10open_worldNtB2_28OpenWorldResearchEnvironment31get_discoveries_by_significance
FN:561,_RNvMNtNtCs30zC7DrykB7_18constellation_core8autonomy10open_worldNtB2_28OpenWorldResearchEnvironment32calculate_hypothesis_match_score
FN:590,_RNvMNtNtCs30zC7DrykB7_18constellation_core8autonomy10open_worldNtB2_28OpenWorldResearchEnvironment33integrate_discovery_into_autonomy
FN:658,_RNvNtNtNtCs30zC7DrykB7_18constellation_core8autonomy10open_world5testss_27test_open_world_environment
FN:759,_RNvNtNtNtCs30zC7DrykB7_18constellation_core8autonomy10open_world5testss_29test_discovery_and_validation
FN:695,_RNvNtNtNtCs30zC7DrykB7_18constellation_core8autonomy10open_world5testss_36test_experiment_design_and_execution
FN:658,_RNCNvNtNtNtCs30zC7DrykB7_18constellation_core8autonomy10open_world5testss_27test_open_world_environment0B9_
FN:759,_RNCNvNtNtNtCs30zC7DrykB7_18constellation_core8autonomy10open_world5testss_29test_discovery_and_validation0B9_
FN:695,_RNCNvNtNtNtCs30zC7DrykB7_18constellation_core8autonomy10open_world5testss_36test_experiment_design_and_execution0B9_
FN:494,_RNvMNtNtCs30zC7DrykB7_18constellation_core8autonomy10open_worldNtB2_28OpenWorldResearchEnvironment11get_metrics
FN:339,_RNvMNtNtCs30zC7DrykB7_18constellation_core8autonomy10open_worldNtB2_28OpenWorldResearchEnvironment16record_discovery
FN:298,_RNvMNtNtCs30zC7DrykB7_18constellation_core8autonomy10open_worldNtB2_28OpenWorldResearchEnvironment17design_experiment
FN:319,_RNvMNtNtCs30zC7DrykB7_18constellation_core8autonomy10open_worldNtB2_28OpenWorldResearchEnvironment18execute_experiment
FN:277,_RNvMNtNtCs30zC7DrykB7_18constellation_core8autonomy10open_worldNtB2_28OpenWorldResearchEnvironment18propose_hypothesis
FN:360,_RNvMNtNtCs30zC7DrykB7_18constellation_core8autonomy10open_worldNtB2_28OpenWorldResearchEnvironment18validate_discovery
FN:408,_RNvMNtNtCs30zC7DrykB7_18constellation_core8autonomy10open_worldNtB2_28OpenWorldResearchEnvironment25get_experiments_by_status
FN:444,_RNvMNtNtCs30zC7DrykB7_18constellation_core8autonomy10open_worldNtB2_28OpenWorldResearchEnvironment29calculate_exploration_balance
FN:461,_RNvMNtNtCs30zC7DrykB7_18constellation_core8autonomy10open_worldNtB2_28OpenWorldResearchEnvironment34calculate_collaboration_efficiency
FN:254,_RNvMNtNtCs30zC7DrykB7_18constellation_core8autonomy10open_worldNtB2_28OpenWorldResearchEnvironment3new
FNDA:0,_RNCNCNvMNtNtCs30zC7DrykB7_18constellation_core8autonomy10open_worldNtB6_28OpenWorldResearchEnvironment18execute_experiment00Ba_
FNDA:0,_RNCNCNvMNtNtCs30zC7DrykB7_18constellation_core8autonomy10open_worldNtB6_28OpenWorldResearchEnvironment18validate_discovery00Ba_
FNDA:1,_RNCNCNvMNtNtCs30zC7DrykB7_18constellation_core8autonomy10open_worldNtB6_28OpenWorldResearchEnvironment18validate_discovery0s0_0Ba_
FNDA:1,_RNCNCNvMNtNtCs30zC7DrykB7_18constellation_core8autonomy10open_worldNtB6_28OpenWorldResearchEnvironment18validate_discovery0s_0Ba_
FNDA:1,_RNCNCNvMNtNtCs30zC7DrykB7_18constellation_core8autonomy10open_worldNtB6_28OpenWorldResearchEnvironment25get_experiments_by_status00Ba_
FNDA:1,_RNCNCNvMNtNtCs30zC7DrykB7_18constellation_core8autonomy10open_worldNtB6_28OpenWorldResearchEnvironment29calculate_exploration_balance00Ba_
FNDA:1,_RNCNCNvMNtNtCs30zC7DrykB7_18constellation_core8autonomy10open_worldNtB6_28OpenWorldResearchEnvironment29calculate_exploration_balance0s_0Ba_
FNDA:0,_RNCNCNvMNtNtCs30zC7DrykB7_18constellation_core8autonomy10open_worldNtB6_28OpenWorldResearchEnvironment34calculate_collaboration_efficiency00Ba_
FNDA:1,_RNCNCNvMNtNtCs30zC7DrykB7_18constellation_core8autonomy10open_worldNtB6_28OpenWorldResearchEnvironment34calculate_collaboration_efficiency0s_0Ba_
FNDA:2,_RNCNvMNtNtCs30zC7DrykB7_18constellation_core8autonomy10open_worldNtB4_28OpenWorldResearchEnvironment11get_metrics0B8_
FNDA:1,_RNCNvMNtNtCs30zC7DrykB7_18constellation_core8autonomy10open_worldNtB4_28OpenWorldResearchEnvironment16record_discovery0B8_
FNDA:1,_RNCNvMNtNtCs30zC7DrykB7_18constellation_core8autonomy10open_worldNtB4_28OpenWorldResearchEnvironment17design_experiment0B8_
FNDA:1,_RNCNvMNtNtCs30zC7DrykB7_18constellation_core8autonomy10open_worldNtB4_28OpenWorldResearchEnvironment18execute_experiment0B8_
FNDA:1,_RNCNvMNtNtCs30zC7DrykB7_18constellation_core8autonomy10open_worldNtB4_28OpenWorldResearchEnvironment18propose_hypothesis0B8_
FNDA:1,_RNCNvMNtNtCs30zC7DrykB7_18constellation_core8autonomy10open_worldNtB4_28OpenWorldResearchEnvironment18validate_discovery0B8_
FNDA:1,_RNCNvMNtNtCs30zC7DrykB7_18constellation_core8autonomy10open_worldNtB4_28OpenWorldResearchEnvironment25get_experiments_by_status0B8_
FNDA:2,_RNCNvMNtNtCs30zC7DrykB7_18constellation_core8autonomy10open_worldNtB4_28OpenWorldResearchEnvironment29calculate_exploration_balance0B8_
FNDA:2,_RNCNvMNtNtCs30zC7DrykB7_18constellation_core8autonomy10open_worldNtB4_28OpenWorldResearchEnvironment34calculate_collaboration_efficiency0B8_
FNDA:0,_RNCNCNvMNtNtCs30zC7DrykB7_18constellation_core8autonomy10open_worldNtB6_28OpenWorldResearchEnvironment24generate_recommendations00Ba_
FNDA:0,_RNCNCNvMNtNtCs30zC7DrykB7_18constellation_core8autonomy10open_worldNtB6_28OpenWorldResearchEnvironment24get_hypotheses_by_domain00Ba_
FNDA:0,_RNCNCNvMNtNtCs30zC7DrykB7_18constellation_core8autonomy10open_worldNtB6_28OpenWorldResearchEnvironment31get_discoveries_by_significance00Ba_
FNDA:0,_RNCNCNvMNtNtCs30zC7DrykB7_18constellation_core8autonomy10open_worldNtB6_28OpenWorldResearchEnvironment33integrate_discovery_into_autonomy00Ba_
FNDA:0,_RNCNvMNtNtCs30zC7DrykB7_18constellation_core8autonomy10open_worldNtB4_28OpenWorldResearchEnvironment24generate_recommendations0B8_
FNDA:0,_RNCNvMNtNtCs30zC7DrykB7_18constellation_core8autonomy10open_worldNtB4_28OpenWorldResearchEnvironment24get_hypotheses_by_domain0B8_
FNDA:0,_RNCNvMNtNtCs30zC7DrykB7_18constellation_core8autonomy10open_worldNtB4_28OpenWorldResearchEnvironment25update_agent_capabilities0B8_
FNDA:0,_RNCNvMNtNtCs30zC7DrykB7_18constellation_core8autonomy10open_worldNtB4_28OpenWorldResearchEnvironment31get_discoveries_by_significance0B8_
FNDA:0,_RNCNvMNtNtCs30zC7DrykB7_18constellation_core8autonomy10open_worldNtB4_28OpenWorldResearchEnvironment32calculate_hypothesis_match_score0B8_
FNDA:0,_RNCNvMNtNtCs30zC7DrykB7_18constellation_core8autonomy10open_worldNtB4_28OpenWorldResearchEnvironment32calculate_hypothesis_match_scores_0B8_
FNDA:0,_RNCNvMNtNtCs30zC7DrykB7_18constellation_core8autonomy10open_worldNtB4_28OpenWorldResearchEnvironment33integrate_discovery_into_autonomy0B8_
FNDA:0,_RNvMNtNtCs30zC7DrykB7_18constellation_core8autonomy10open_worldNtB2_28OpenWorldResearchEnvironment24generate_recommendations
FNDA:0,_RNvMNtNtCs30zC7DrykB7_18constellation_core8autonomy10open_worldNtB2_28OpenWorldResearchEnvironment24get_hypotheses_by_domain
FNDA:0,_RNvMNtNtCs30zC7DrykB7_18constellation_core8autonomy10open_worldNtB2_28OpenWorldResearchEnvironment25update_agent_capabilities
FNDA:0,_RNvMNtNtCs30zC7DrykB7_18constellation_core8autonomy10open_worldNtB2_28OpenWorldResearchEnvironment31get_discoveries_by_significance
FNDA:0,_RNvMNtNtCs30zC7DrykB7_18constellation_core8autonomy10open_worldNtB2_28OpenWorldResearchEnvironment32calculate_hypothesis_match_score
FNDA:0,_RNvMNtNtCs30zC7DrykB7_18constellation_core8autonomy10open_worldNtB2_28OpenWorldResearchEnvironment33integrate_discovery_into_autonomy
FNDA:1,_RNvNtNtNtCs30zC7DrykB7_18constellation_core8autonomy10open_world5testss_27test_open_world_environment
FNDA:1,_RNvNtNtNtCs30zC7DrykB7_18constellation_core8autonomy10open_world5testss_29test_discovery_and_validation
FNDA:1,_RNvNtNtNtCs30zC7DrykB7_18constellation_core8autonomy10open_world5testss_36test_experiment_design_and_execution
FNDA:1,_RNCNvNtNtNtCs30zC7DrykB7_18constellation_core8autonomy10open_world5testss_27test_open_world_environment0B9_
FNDA:1,_RNCNvNtNtNtCs30zC7DrykB7_18constellation_core8autonomy10open_world5testss_29test_discovery_and_validation0B9_
FNDA:1,_RNCNvNtNtNtCs30zC7DrykB7_18constellation_core8autonomy10open_world5testss_36test_experiment_design_and_execution0B9_
FNDA:2,_RNvMNtNtCs30zC7DrykB7_18constellation_core8autonomy10open_worldNtB2_28OpenWorldResearchEnvironment11get_metrics
FNDA:1,_RNvMNtNtCs30zC7DrykB7_18constellation_core8autonomy10open_worldNtB2_28OpenWorldResearchEnvironment16record_discovery
FNDA:1,_RNvMNtNtCs30zC7DrykB7_18constellation_core8autonomy10open_worldNtB2_28OpenWorldResearchEnvironment17design_experiment
FNDA:1,_RNvMNtNtCs30zC7DrykB7_18constellation_core8autonomy10open_worldNtB2_28OpenWorldResearchEnvironment18execute_experiment
FNDA:1,_RNvMNtNtCs30zC7DrykB7_18constellation_core8autonomy10open_worldNtB2_28OpenWorldResearchEnvironment18propose_hypothesis
FNDA:1,_RNvMNtNtCs30zC7DrykB7_18constellation_core8autonomy10open_worldNtB2_28OpenWorldResearchEnvironment18validate_discovery
FNDA:1,_RNvMNtNtCs30zC7DrykB7_18constellation_core8autonomy10open_worldNtB2_28OpenWorldResearchEnvironment25get_experiments_by_status
FNDA:2,_RNvMNtNtCs30zC7DrykB7_18constellation_core8autonomy10open_worldNtB2_28OpenWorldResearchEnvironment29calculate_exploration_balance
FNDA:2,_RNvMNtNtCs30zC7DrykB7_18constellation_core8autonomy10open_worldNtB2_28OpenWorldResearchEnvironment34calculate_collaboration_efficiency
FNDA:4,_RNvMNtNtCs30zC7DrykB7_18constellation_core8autonomy10open_worldNtB2_28OpenWorldResearchEnvironment3new
FNF:51
FNH:31
DA:254,4
DA:255,4
DA:256,4
DA:257,4
DA:258,4
DA:259,4
DA:260,4
DA:261,4
DA:262,4
DA:263,4
DA:264,4
DA:265,4
DA:266,4
DA:267,4
DA:268,4
DA:269,4
DA:270,4
DA:271,4
DA:272,4
DA:273,4
DA:274,4
DA:277,1
DA:278,1
DA:279,1
DA:280,1
DA:281,1
DA:282,1
DA:284,1
DA:285,0
DA:286,1
DA:288,1
DA:289,1
DA:291,1
DA:292,1
DA:294,1
DA:295,1
DA:298,1
DA:299,1
DA:300,1
DA:301,1
DA:302,1
DA:303,1
DA:305,1
DA:306,0
DA:307,1
DA:309,1
DA:310,1
DA:312,1
DA:313,1
DA:315,1
DA:316,1
DA:319,1
DA:320,1
DA:321,1
DA:322,1
DA:323,1
DA:324,1
DA:325,1
DA:327,1
DA:328,1
DA:329,1
DA:331,1
DA:332,1
DA:333,1
DA:335,1
DA:336,1
DA:339,1
DA:340,1
DA:341,1
DA:342,1
DA:343,1
DA:344,1
DA:346,1
DA:347,0
DA:348,1
DA:350,1
DA:351,1
DA:353,1
DA:354,1
DA:356,1
DA:357,1
DA:360,1
DA:361,1
DA:362,1
DA:363,1
DA:364,1
DA:365,1
DA:367,1
DA:368,1
DA:369,1
DA:371,1
DA:373,1
DA:374,1
DA:375,1
DA:376,1
DA:377,1
DA:378,1
DA:380,1
DA:381,0
DA:382,1
DA:383,1
DA:384,1
DA:386,1
DA:387,1
DA:388,1
DA:389,1
DA:390,1
DA:392,1
DA:394,1
DA:395,1
DA:398,0
DA:399,0
DA:400,0
DA:401,0
DA:402,0
DA:403,0
DA:404,0
DA:405,0
DA:408,1
DA:409,1
DA:410,1
DA:411,1
DA:412,1
DA:413,1
DA:414,1
DA:415,1
DA:416,1
DA:417,1
DA:418,1
DA:421,0
DA:422,0
DA:423,0
DA:424,0
DA:425,0
DA:426,0
DA:427,0
DA:428,0
DA:429,0
DA:430,0
DA:431,0
DA:434,0
DA:435,0
DA:436,0
DA:437,0
DA:438,0
DA:439,0
DA:440,0
DA:441,0
DA:444,2
DA:445,2
DA:446,2
DA:448,2
DA:450,2
DA:452,2
DA:453,2
DA:454,1
DA:456,1
DA:458,2
DA:461,2
DA:462,2
DA:463,2
DA:465,2
DA:466,2
DA:467,2
DA:468,2
DA:470,2
DA:471,2
DA:472,2
DA:473,2
DA:475,2
DA:476,2
DA:478,2
DA:479,0
DA:481,2
DA:484,2
DA:485,1
DA:487,1
DA:490,2
DA:491,2
DA:494,2
DA:495,2
DA:497,2
DA:498,2
DA:500,2
DA:501,2
DA:504,0
DA:505,0
DA:506,0
DA:507,0
DA:508,0
DA:509,0
DA:510,0
DA:511,0
DA:513,0
DA:515,0
DA:516,0
DA:517,0
DA:518,0
DA:519,0
DA:520,0
DA:521,0
DA:522,0
DA:523,0
DA:524,0
DA:525,0
DA:526,0
DA:527,0
DA:528,0
DA:529,0
DA:530,0
DA:533,0
DA:534,0
DA:535,0
DA:536,0
DA:537,0
DA:538,0
DA:539,0
DA:540,0
DA:541,0
DA:544,0
DA:545,0
DA:546,0
DA:547,0
DA:548,0
DA:549,0
DA:550,0
DA:551,0
DA:552,0
DA:555,0
DA:556,0
DA:557,0
DA:558,0
DA:561,0
DA:562,0
DA:563,0
DA:564,0
DA:565,0
DA:566,0
DA:567,0
DA:568,0
DA:569,0
DA:570,0
DA:571,0
DA:572,0
DA:573,0
DA:575,0
DA:576,0
DA:577,0
DA:578,0
DA:579,0
DA:580,0
DA:581,0
DA:582,0
DA:583,0
DA:584,0
DA:586,0
DA:587,0
DA:590,0
DA:591,0
DA:592,0
DA:593,0
DA:594,0
DA:595,0
DA:596,0
DA:597,0
DA:598,0
DA:600,0
DA:601,0
DA:602,0
DA:604,0
DA:605,0
DA:606,0
DA:607,0
DA:608,0
DA:610,0
DA:614,0
DA:615,0
DA:616,0
DA:617,0
DA:618,0
DA:620,0
DA:623,0
DA:628,0
DA:629,0
DA:658,1
DA:659,1
DA:660,1
DA:661,1
DA:662,1
DA:663,1
DA:664,1
DA:665,1
DA:666,1
DA:667,1
DA:668,1
DA:670,1
DA:672,1
DA:673,1
DA:674,1
DA:675,1
DA:676,1
DA:677,1
DA:678,1
DA:679,1
DA:680,1
DA:681,1
DA:682,1
DA:683,1
DA:684,1
DA:685,1
DA:687,1
DA:688,1
DA:690,1
DA:691,1
DA:692,1
DA:695,1
DA:696,1
DA:697,1
DA:698,1
DA:699,1
DA:700,1
DA:701,1
DA:702,1
DA:703,1
DA:704,1
DA:705,1
DA:707,1
DA:709,1
DA:710,1
DA:711,1
DA:712,1
DA:713,1
DA:714,1
DA:715,1
DA:716,1
DA:717,1
DA:718,1
DA:719,1
DA:720,1
DA:721,1
DA:722,1
DA:723,1
DA:724,1
DA:725,1
DA:726,1
DA:727,1
DA:728,1
DA:729,1
DA:731,1
DA:732,1
DA:733,1
DA:734,1
DA:735,1
DA:737,1
DA:738,1
DA:739,1
DA:740,1
DA:741,1
DA:742,1
DA:743,1
DA:744,1
DA:745,1
DA:746,1
DA:748,1
DA:749,1
DA:750,1
DA:752,1
DA:753,1
DA:754,1
DA:755,1
DA:756,1
DA:759,1
DA:760,1
DA:761,1
DA:762,1
DA:763,1
DA:764,1
DA:765,1
DA:766,1
DA:767,1
DA:768,1
DA:769,1
DA:771,1
DA:773,1
DA:774,1
DA:775,1
DA:776,1
DA:777,1
DA:778,1
DA:779,1
DA:780,1
DA:781,1
DA:782,1
DA:783,1
DA:784,1
DA:785,1
DA:786,1
DA:787,1
DA:788,1
DA:789,1
DA:791,1
DA:792,1
DA:793,1
DA:794,1
DA:795,1
DA:797,1
DA:798,1
DA:799,1
DA:800,1
DA:801,1
DA:802,1
DA:803,1
DA:804,1
DA:805,1
DA:806,1
DA:807,1
DA:808,1
DA:809,1
DA:810,1
DA:811,1
DA:813,1
DA:814,1
DA:815,1
DA:817,1
DA:818,1
DA:819,1
BRF:0
BRH:0
LF:461
LH:316
end_of_record
SF:/Users/cklat/dev/constellation/crates/constellation-core/src/autonomy/self_assessment.rs
FN:528,_RNCNvMs0_NtNtCs30zC7DrykB7_18constellation_core8autonomy15self_assessmentNtB7_20SelfAssessmentEngine15generate_reports0_0Bb_
FN:534,_RNCNvMs0_NtNtCs30zC7DrykB7_18constellation_core8autonomy15self_assessmentNtB7_20SelfAssessmentEngine15generate_reports2_0Bb_
FN:437,_RNCNvMs0_NtNtCs30zC7DrykB7_18constellation_core8autonomy15self_assessmentNtB7_20SelfAssessmentEngine20is_accurate_assessor0Bb_
FN:447,_RNCNvMs0_NtNtCs30zC7DrykB7_18constellation_core8autonomy15self_assessmentNtB7_20SelfAssessmentEngine22get_recent_assessments0Bb_
FN:406,_RNvMs0_NtNtCs30zC7DrykB7_18constellation_core8autonomy15self_assessmentNtB5_20SelfAssessmentEngine12get_accuracy
FN:252,_RNvMs0_NtNtCs30zC7DrykB7_18constellation_core8autonomy15self_assessmentNtB5_20SelfAssessmentEngine15assess_dtg_node
FN:497,_RNvMs0_NtNtCs30zC7DrykB7_18constellation_core8autonomy15self_assessmentNtB5_20SelfAssessmentEngine15generate_report
FN:367,_RNvMs0_NtNtCs30zC7DrykB7_18constellation_core8autonomy15self_assessmentNtB5_20SelfAssessmentEngine19validate_externally
FN:435,_RNvMs0_NtNtCs30zC7DrykB7_18constellation_core8autonomy15self_assessmentNtB5_20SelfAssessmentEngine20is_accurate_assessor
FN:459,_RNvMs0_NtNtCs30zC7DrykB7_18constellation_core8autonomy15self_assessmentNtB5_20SelfAssessmentEngine22get_improvement_trends
FN:442,_RNvMs0_NtNtCs30zC7DrykB7_18constellation_core8autonomy15self_assessmentNtB5_20SelfAssessmentEngine22get_recent_assessments
FN:572,_RNvMs0_NtNtCs30zC7DrykB7_18constellation_core8autonomy15self_assessmentNtB5_20SelfAssessmentEngine24generate_recommendations
FN:602,_RNvMs0_NtNtCs30zC7DrykB7_18constellation_core8autonomy15self_assessmentNtB5_20SelfAssessmentEngine30estimate_self_assessment_kappa
FN:646,_RNvXs1_NtNtCs30zC7DrykB7_18constellation_core8autonomy15self_assessmentNtB5_20SelfAssessmentEngineNtNtCskzPJi2J8k3N_4core7default7Default7default
FN:110,_RNCNCNvMs0_NtNtCs30zC7DrykB7_18constellation_core8autonomy15self_assessmentNtB9_20SelfAssessmentEngine19record_task_context00Bd_
FN:108,_RNCNvMs0_NtNtCs30zC7DrykB7_18constellation_core8autonomy15self_assessmentNtB7_20SelfAssessmentEngine19record_task_context0Bb_
FN:116,_RNvMs0_NtNtCs30zC7DrykB7_18constellation_core8autonomy15self_assessmentNtB5_20SelfAssessmentEngine11assess_task
FN:329,_RNvMs0_NtNtCs30zC7DrykB7_18constellation_core8autonomy15self_assessmentNtB5_20SelfAssessmentEngine15identify_errors
FN:291,_RNvMs0_NtNtCs30zC7DrykB7_18constellation_core8autonomy15self_assessmentNtB5_20SelfAssessmentEngine18identify_strengths
FN:101,_RNvMs0_NtNtCs30zC7DrykB7_18constellation_core8autonomy15self_assessmentNtB5_20SelfAssessmentEngine19record_task_context
FN:205,_RNvMs0_NtNtCs30zC7DrykB7_18constellation_core8autonomy15self_assessmentNtB5_20SelfAssessmentEngine21assess_task_automated
FN:310,_RNvMs0_NtNtCs30zC7DrykB7_18constellation_core8autonomy15self_assessmentNtB5_20SelfAssessmentEngine21identify_improvements
FN:344,_RNvMs0_NtNtCs30zC7DrykB7_18constellation_core8autonomy15self_assessmentNtB5_20SelfAssessmentEngine26suggest_corrective_actions
FN:91,_RNvMs0_NtNtCs30zC7DrykB7_18constellation_core8autonomy15self_assessmentNtB5_20SelfAssessmentEngine3new
FN:65,_RNvMs_NtNtCs30zC7DrykB7_18constellation_core8autonomy15self_assessmentNtB4_11TaskContext16from_task_result
FN:37,_RNvXNtNtCs30zC7DrykB7_18constellation_core8autonomy15self_assessmentNtB2_20SelfAssessmentConfigNtNtCskzPJi2J8k3N_4core7default7Default7default
FNDA:0,_RNCNvMs0_NtNtCs30zC7DrykB7_18constellation_core8autonomy15self_assessmentNtB7_20SelfAssessmentEngine15generate_reports0_0Bb_
FNDA:0,_RNCNvMs0_NtNtCs30zC7DrykB7_18constellation_core8autonomy15self_assessmentNtB7_20SelfAssessmentEngine15generate_reports2_0Bb_
FNDA:0,_RNCNvMs0_NtNtCs30zC7DrykB7_18constellation_core8autonomy15self_assessmentNtB7_20SelfAssessmentEngine20is_accurate_assessor0Bb_
FNDA:0,_RNCNvMs0_NtNtCs30zC7DrykB7_18constellation_core8autonomy15self_assessmentNtB7_20SelfAssessmentEngine22get_recent_assessments0Bb_
FNDA:0,_RNvMs0_NtNtCs30zC7DrykB7_18constellation_core8autonomy15self_assessmentNtB5_20SelfAssessmentEngine12get_accuracy
FNDA:0,_RNvMs0_NtNtCs30zC7DrykB7_18constellation_core8autonomy15self_assessmentNtB5_20SelfAssessmentEngine15assess_dtg_node
FNDA:0,_RNvMs0_NtNtCs30zC7DrykB7_18constellation_core8autonomy15self_assessmentNtB5_20SelfAssessmentEngine15generate_report
FNDA:0,_RNvMs0_NtNtCs30zC7DrykB7_18constellation_core8autonomy15self_assessmentNtB5_20SelfAssessmentEngine19validate_externally
FNDA:0,_RNvMs0_NtNtCs30zC7DrykB7_18constellation_core8autonomy15self_assessmentNtB5_20SelfAssessmentEngine20is_accurate_assessor
FNDA:0,_RNvMs0_NtNtCs30zC7DrykB7_18constellation_core8autonomy15self_assessmentNtB5_20SelfAssessmentEngine22get_improvement_trends
FNDA:0,_RNvMs0_NtNtCs30zC7DrykB7_18constellation_core8autonomy15self_assessmentNtB5_20SelfAssessmentEngine22get_recent_assessments
FNDA:0,_RNvMs0_NtNtCs30zC7DrykB7_18constellation_core8autonomy15self_assessmentNtB5_20SelfAssessmentEngine24generate_recommendations
FNDA:0,_RNvMs0_NtNtCs30zC7DrykB7_18constellation_core8autonomy15self_assessmentNtB5_20SelfAssessmentEngine30estimate_self_assessment_kappa
FNDA:0,_RNvXs1_NtNtCs30zC7DrykB7_18constellation_core8autonomy15self_assessmentNtB5_20SelfAssessmentEngineNtNtCskzPJi2J8k3N_4core7default7Default7default
FNDA:1,_RNCNCNvMs0_NtNtCs30zC7DrykB7_18constellation_core8autonomy15self_assessmentNtB9_20SelfAssessmentEngine19record_task_context00Bd_
FNDA:1,_RNCNvMs0_NtNtCs30zC7DrykB7_18constellation_core8autonomy15self_assessmentNtB7_20SelfAssessmentEngine19record_task_context0Bb_
FNDA:1,_RNvMs0_NtNtCs30zC7DrykB7_18constellation_core8autonomy15self_assessmentNtB5_20SelfAssessmentEngine11assess_task
FNDA:1,_RNvMs0_NtNtCs30zC7DrykB7_18constellation_core8autonomy15self_assessmentNtB5_20SelfAssessmentEngine15identify_errors
FNDA:1,_RNvMs0_NtNtCs30zC7DrykB7_18constellation_core8autonomy15self_assessmentNtB5_20SelfAssessmentEngine18identify_strengths
FNDA:1,_RNvMs0_NtNtCs30zC7DrykB7_18constellation_core8autonomy15self_assessmentNtB5_20SelfAssessmentEngine19record_task_context
FNDA:1,_RNvMs0_NtNtCs30zC7DrykB7_18constellation_core8autonomy15self_assessmentNtB5_20SelfAssessmentEngine21assess_task_automated
FNDA:1,_RNvMs0_NtNtCs30zC7DrykB7_18constellation_core8autonomy15self_assessmentNtB5_20SelfAssessmentEngine21identify_improvements
FNDA:1,_RNvMs0_NtNtCs30zC7DrykB7_18constellation_core8autonomy15self_assessmentNtB5_20SelfAssessmentEngine26suggest_corrective_actions
FNDA:1,_RNvMs0_NtNtCs30zC7DrykB7_18constellation_core8autonomy15self_assessmentNtB5_20SelfAssessmentEngine3new
FNDA:1,_RNvMs_NtNtCs30zC7DrykB7_18constellation_core8autonomy15self_assessmentNtB4_11TaskContext16from_task_result
FNDA:1,_RNvXNtNtCs30zC7DrykB7_18constellation_core8autonomy15self_assessmentNtB2_20SelfAssessmentConfigNtNtCskzPJi2J8k3N_4core7default7Default7default
FNF:26
FNH:12
DA:37,1
DA:38,1
DA:39,1
DA:40,1
DA:41,1
DA:42,1
DA:43,1
DA:44,1
DA:45,1
DA:46,1
DA:47,1
DA:65,1
DA:66,1
DA:67,1
DA:68,1
DA:69,1
DA:70,1
DA:71,1
DA:72,1
DA:73,1
DA:74,1
DA:75,1
DA:76,1
DA:77,1
DA:91,1
DA:92,1
DA:93,1
DA:94,1
DA:95,1
DA:96,1
DA:97,1
DA:98,1
DA:101,1
DA:102,1
DA:103,1
DA:104,1
DA:107,1
DA:108,1
DA:109,1
DA:110,1
DA:111,1
DA:112,1
DA:113,1
DA:116,1
DA:117,1
DA:118,1
DA:119,1
DA:120,1
DA:121,1
DA:122,1
DA:123,1
DA:124,1
DA:125,1
DA:126,1
DA:127,1
DA:128,1
DA:129,0
DA:130,1
DA:133,1
DA:134,1
DA:137,1
DA:138,1
DA:139,1
DA:140,1
DA:141,1
DA:142,1
DA:143,1
DA:144,1
DA:145,1
DA:146,1
DA:150,1
DA:151,1
DA:153,1
DA:157,1
DA:158,1
DA:159,0
DA:160,0
DA:161,0
DA:162,0
DA:163,1
DA:166,1
DA:167,1
DA:171,1
DA:172,1
DA:174,0
DA:179,1
DA:180,1
DA:183,1
DA:184,1
DA:185,1
DA:188,1
DA:189,1
DA:192,1
DA:193,1
DA:194,0
DA:195,1
DA:196,0
DA:198,1
DA:200,0
DA:202,1
DA:205,1
DA:206,1
DA:207,1
DA:208,1
DA:209,1
DA:211,1
DA:214,1
DA:216,1
DA:217,1
DA:218,1
DA:219,1
DA:221,0
DA:224,1
DA:227,0
DA:230,1
DA:233,1
DA:234,1
DA:235,1
DA:236,1
DA:238,1
DA:239,1
DA:240,1
DA:241,1
DA:242,1
DA:243,1
DA:244,1
DA:245,1
DA:246,1
DA:247,1
DA:249,1
DA:252,0
DA:254,0
DA:255,0
DA:256,0
DA:257,0
DA:260,0
DA:262,0
DA:263,0
DA:265,0
DA:268,0
DA:269,0
DA:271,0
DA:274,0
DA:275,0
DA:277,0
DA:278,0
DA:279,0
DA:280,0
DA:281,0
DA:282,0
DA:283,0
DA:284,0
DA:285,0
DA:286,0
DA:288,0
DA:291,1
DA:292,1
DA:294,1
DA:295,1
DA:297,1
DA:298,1
DA:299,1
DA:301,1
DA:302,1
DA:303,1
DA:304,0
DA:306,1
DA:307,1
DA:310,1
DA:311,1
DA:313,1
DA:314,0
DA:315,1
DA:317,1
DA:318,0
DA:319,1
DA:321,1
DA:322,0
DA:323,1
DA:325,1
DA:326,1
DA:329,1
DA:330,1
DA:332,1
DA:333,0
DA:335,0
DA:336,0
DA:337,0
DA:338,1
DA:340,1
DA:341,1
DA:344,1
DA:345,1
DA:347,1
DA:348,0
DA:349,0
DA:350,0
DA:351,1
DA:353,1
DA:354,0
DA:355,0
DA:356,1
DA:358,1
DA:359,0
DA:360,0
DA:361,1
DA:363,1
DA:364,1
DA:367,0
DA:368,0
DA:369,0
DA:370,0
DA:371,0
DA:372,0
DA:373,0
DA:375,0
DA:376,0
DA:377,0
DA:378,0
DA:381,0
DA:382,0
DA:383,0
DA:384,0
DA:387,0
DA:388,0
DA:391,0
DA:392,0
DA:393,0
DA:394,0
DA:395,0
DA:397,0
DA:398,0
DA:400,0
DA:402,0
DA:403,0
DA:406,0
DA:407,0
DA:408,0
DA:410,0
DA:411,0
DA:412,0
DA:415,0
DA:416,0
DA:418,0
DA:419,0
DA:420,0
DA:421,0
DA:422,0
DA:423,0
DA:424,0
DA:425,0
DA:427,0
DA:428,0
DA:430,0
DA:432,0
DA:435,0
DA:436,0
DA:437,0
DA:438,0
DA:439,0
DA:442,0
DA:443,0
DA:445,0
DA:446,0
DA:447,0
DA:448,0
DA:449,0
DA:450,0
DA:451,0
DA:452,0
DA:453,0
DA:454,0
DA:455,0
DA:456,0
DA:459,0
DA:460,0
DA:461,0
DA:463,0
DA:464,0
DA:465,0
DA:468,0
DA:469,0
DA:470,0
DA:472,0
DA:475,0
DA:476,0
DA:477,0
DA:480,0
DA:481,0
DA:482,0
DA:483,0
DA:484,0
DA:488,0
DA:489,0
DA:490,0
DA:491,0
DA:493,0
DA:494,0
DA:497,0
DA:498,0
DA:500,0
DA:501,0
DA:502,0
DA:504,0
DA:505,0
DA:508,0
DA:509,0
DA:510,0
DA:511,0
DA:514,0
DA:515,0
DA:517,0
DA:518,0
DA:519,0
DA:520,0
DA:521,0
DA:522,0
DA:523,0
DA:526,0
DA:527,0
DA:528,0
DA:529,0
DA:530,0
DA:532,0
DA:533,0
DA:534,0
DA:535,0
DA:536,0
DA:539,0
DA:540,0
DA:541,0
DA:542,0
DA:543,0
DA:544,0
DA:546,0
DA:547,0
DA:548,0
DA:549,0
DA:550,0
DA:552,0
DA:554,0
DA:557,0
DA:558,0
DA:559,0
DA:560,0
DA:561,0
DA:562,0
DA:563,0
DA:564,0
DA:565,0
DA:566,0
DA:567,0
DA:568,0
DA:569,0
DA:572,0
DA:573,0
DA:574,0
DA:575,0
DA:576,0
DA:577,0
DA:578,0
DA:580,0
DA:581,0
DA:582,0
DA:583,0
DA:584,0
DA:586,0
DA:587,0
DA:588,0
DA:589,0
DA:591,0
DA:592,0
DA:593,0
DA:594,0
DA:595,0
DA:596,0
DA:598,0
DA:599,0
DA:602,0
DA:603,0
DA:604,0
DA:606,0
DA:607,0
DA:608,0
DA:611,0
DA:612,0
DA:615,0
DA:616,0
DA:618,0
DA:619,0
DA:621,0
DA:622,0
DA:623,0
DA:624,0
DA:625,0
DA:626,0
DA:627,0
DA:646,0
DA:647,0
DA:648,0
BRF:0
BRH:0
LF:406
LH:159
end_of_record
SF:/Users/cklat/dev/constellation/crates/constellation-core/src/communication.rs
FN:552,_RNCNvMNtNtCs30zC7DrykB7_18constellation_core13communication5testsNtB4_17MockMessageBroker13queue_message0B8_
FN:552,_RNvMNtNtCs30zC7DrykB7_18constellation_core13communication5testsNtB2_17MockMessageBroker13queue_message
FN:591,_RNvXs_NtNtCs30zC7DrykB7_18constellation_core13communication5testsNtB4_17MockMessageBrokerNtB6_13MessageBroker11get_session
FN:568,_RNvXs_NtNtCs30zC7DrykB7_18constellation_core13communication5testsNtB4_17MockMessageBrokerNtB6_13MessageBroker16receive_messages
FN:596,_RNvXs_NtNtCs30zC7DrykB7_18constellation_core13communication5testsNtB4_17MockMessageBrokerNtB6_13MessageBroker9broadcast
FN:892,_RNCNCNvNtNtCs30zC7DrykB7_18constellation_core13communication5testss_31test_max_pending_requests_limit00B9_
FN:708,_RNCNCNvNtNtCs30zC7DrykB7_18constellation_core13communication5testss_32test_successful_request_response00B9_
FN:1028,_RNCNvNtNtCs30zC7DrykB7_18constellation_core13communication5testss_21test_model_validation0B7_
FN:795,_RNCNvNtNtCs30zC7DrykB7_18constellation_core13communication5testss_22test_notification_send0B7_
FN:735,_RNCNvNtNtCs30zC7DrykB7_18constellation_core13communication5testss_22test_publish_subscribe0B7_
FN:827,_RNCNvNtNtCs30zC7DrykB7_18constellation_core13communication5testss_24test_delivery_guarantees0B7_
FN:617,_RNCNvNtNtCs30zC7DrykB7_18constellation_core13communication5testss_26test_request_response_flow0B7_
FN:603,_RNCNvNtNtCs30zC7DrykB7_18constellation_core13communication5testss_26test_subscription_matching0B7_
FN:641,_RNCNvNtNtCs30zC7DrykB7_18constellation_core13communication5testss_28test_subscription_management0B7_
FN:990,_RNCNvNtNtCs30zC7DrykB7_18constellation_core13communication5testss_29test_process_incoming_message0B7_
FN:857,_RNCNvNtNtCs30zC7DrykB7_18constellation_core13communication5testss_31test_max_pending_requests_limit0B7_
FN:966,_RNCNvNtNtCs30zC7DrykB7_18constellation_core13communication5testss_32test_publish_with_no_subscribers0B7_
FN:670,_RNCNvNtNtCs30zC7DrykB7_18constellation_core13communication5testss_32test_successful_request_response0B7_
FN:923,_RNCNvNtNtCs30zC7DrykB7_18constellation_core13communication5testss_36test_invalid_correlation_id_handling0B7_
FN:942,_RNCNvNtNtCs30zC7DrykB7_18constellation_core13communication5testss_36test_invalid_subscription_operations0B7_
FN:109,_RNvXs_NtCs30zC7DrykB7_18constellation_core13communicationNtB4_19CommunicationConfigNtNtCskzPJi2J8k3N_4core7default7Default7default
FN:544,_RNvMNtNtCs30zC7DrykB7_18constellation_core13communication5testsNtB2_17MockMessageBroker3new
FN:1028,_RNvNtNtCs30zC7DrykB7_18constellation_core13communication5testss_21test_model_validation
FN:795,_RNvNtNtCs30zC7DrykB7_18constellation_core13communication5testss_22test_notification_send
FN:735,_RNvNtNtCs30zC7DrykB7_18constellation_core13communication5testss_22test_publish_subscribe
FN:827,_RNvNtNtCs30zC7DrykB7_18constellation_core13communication5testss_24test_delivery_guarantees
FN:617,_RNvNtNtCs30zC7DrykB7_18constellation_core13communication5testss_26test_request_response_flow
FN:603,_RNvNtNtCs30zC7DrykB7_18constellation_core13communication5testss_26test_subscription_matching
FN:641,_RNvNtNtCs30zC7DrykB7_18constellation_core13communication5testss_28test_subscription_management
FN:990,_RNvNtNtCs30zC7DrykB7_18constellation_core13communication5testss_29test_process_incoming_message
FN:857,_RNvNtNtCs30zC7DrykB7_18constellation_core13communication5testss_31test_max_pending_requests_limit
FN:966,_RNvNtNtCs30zC7DrykB7_18constellation_core13communication5testss_32test_publish_with_no_subscribers
FN:670,_RNvNtNtCs30zC7DrykB7_18constellation_core13communication5testss_32test_successful_request_response
FN:923,_RNvNtNtCs30zC7DrykB7_18constellation_core13communication5testss_36test_invalid_correlation_id_handling
FN:942,_RNvNtNtCs30zC7DrykB7_18constellation_core13communication5testss_36test_invalid_subscription_operations
FN:563,_RNvXs_NtNtCs30zC7DrykB7_18constellation_core13communication5testsNtB4_17MockMessageBrokerNtB6_13MessageBroker12send_message
[...]
FN:593,_RNvXs_NtNtCs30zC7DrykB7_18constellation_core6models12hybrid_agentNtB4_16StrategistConfigNtNtCskzPJi2J8k3N_4core7default7Default7default
FN:543,_RNvMNtNtCs30zC7DrykB7_18constellation_core6models12hybrid_agentNtB2_17HybridAgentConfig21add_fallback_strategy
FN:548,_RNvMNtNtCs30zC7DrykB7_18constellation_core6models12hybrid_agentNtB2_17HybridAgentConfig27estimated_cost_per_1k_tasks
FN:561,_RNvMNtNtCs30zC7DrykB7_18constellation_core6models12hybrid_agentNtB2_17HybridAgentConfig27total_resource_requirements
FN:717,_RNvMs3_NtNtCs30zC7DrykB7_18constellation_core6models12hybrid_agentNtB5_14ExecutorConfig9add_skill
FNDA:1,_RNvMNtNtCs30zC7DrykB7_18constellation_core6models12hybrid_agentNtB2_17HybridAgentConfig12add_executor
FNDA:15,_RNvMNtNtCs30zC7DrykB7_18constellation_core6models12hybrid_agentNtB2_17HybridAgentConfig3new
FNDA:10,_RNvMs3_NtNtCs30zC7DrykB7_18constellation_core6models12hybrid_agentNtB5_14ExecutorConfig3new
FNDA:15,_RNvXs0_NtNtCs30zC7DrykB7_18constellation_core6models12hybrid_agentNtB5_20CoordinationStrategyNtNtCskzPJi2J8k3N_4core7default7Default7default
FNDA:28,_RNvXs1_NtNtCs30zC7DrykB7_18constellation_core6models12hybrid_agentNtB5_18ResourceAllocationNtNtCskzPJi2J8k3N_4core7default7Default7default
FNDA:24,_RNvXs2_NtNtCs30zC7DrykB7_18constellation_core6models12hybrid_agentNtB5_18PerformanceTargetsNtNtCskzPJi2J8k3N_4core7default7Default7default
FNDA:9,_RNvXs4_NtNtCs30zC7DrykB7_18constellation_core6models12hybrid_agentNtB5_14ExecutorConfigNtNtCskzPJi2J8k3N_4core7default7Default7default
FNDA:10,_RNvXs5_NtNtCs30zC7DrykB7_18constellation_core6models12hybrid_agentNtB5_13ExecutorModelNtNtCskzPJi2J8k3N_4core7default7Default7default
FNDA:14,_RNvXs6_NtNtCs30zC7DrykB7_18constellation_core6models12hybrid_agentNtB5_19ExecutorPerformanceNtNtCskzPJi2J8k3N_4core7default7Default7default
FNDA:15,_RNvXs7_NtNtCs30zC7DrykB7_18constellation_core6models12hybrid_agentNtB5_20ResourceRequirementsNtNtCskzPJi2J8k3N_4core7default7Default7default
FNDA:15,_RNvXs_NtNtCs30zC7DrykB7_18constellation_core6models12hybrid_agentNtB4_16StrategistConfigNtNtCskzPJi2J8k3N_4core7default7Default7default
FNDA:0,_RNvMNtNtCs30zC7DrykB7_18constellation_core6models12hybrid_agentNtB2_17HybridAgentConfig21add_fallback_strategy
FNDA:0,_RNvMNtNtCs30zC7DrykB7_18constellation_core6models12hybrid_agentNtB2_17HybridAgentConfig27estimated_cost_per_1k_tasks
FNDA:0,_RNvMNtNtCs30zC7DrykB7_18constellation_core6models12hybrid_agentNtB2_17HybridAgentConfig27total_resource_requirements
FNDA:0,_RNvMs3_NtNtCs30zC7DrykB7_18constellation_core6models12hybrid_agentNtB5_14ExecutorConfig9add_skill
FNF:15
FNH:11
DA:523,15
DA:524,15
DA:525,15
DA:526,15
DA:527,15
DA:528,15
DA:529,15
DA:530,15
DA:531,15
DA:532,15
DA:533,15
DA:534,15
DA:535,15
DA:538,1
DA:539,1
DA:540,1
DA:543,0
DA:544,0
DA:545,0
DA:548,0
DA:549,0
DA:551,0
DA:552,0
DA:553,0
DA:554,0
DA:555,0
DA:557,0
DA:558,0
DA:561,0
DA:562,0
DA:563,0
DA:564,0
DA:565,0
DA:566,0
DA:567,0
DA:568,0
DA:571,0
DA:572,0
DA:573,0
DA:576,0
DA:577,0
DA:578,0
DA:580,0
DA:581,0
DA:582,0
DA:584,0
DA:585,0
DA:588,0
DA:589,0
DA:593,15
DA:594,15
DA:595,15
DA:596,15
DA:597,15
DA:598,15
DA:599,15
DA:600,15
DA:601,15
DA:602,15
DA:603,15
DA:604,15
DA:605,15
DA:606,15
DA:607,15
DA:608,15
DA:609,15
DA:610,15
DA:614,15
DA:615,15
DA:616,15
DA:617,15
DA:618,15
DA:619,15
DA:620,15
DA:621,15
DA:622,15
DA:623,15
DA:624,15
DA:628,28
DA:629,28
DA:630,28
DA:631,28
DA:632,28
DA:633,28
DA:634,28
DA:635,28
DA:636,28
DA:637,28
DA:638,28
DA:639,28
DA:640,28
DA:641,28
DA:642,28
DA:643,28
DA:644,28
DA:645,28
DA:646,28
DA:647,28
DA:648,28
DA:649,28
DA:650,28
DA:651,28
DA:652,28
DA:653,28
DA:654,28
DA:655,28
DA:656,28
DA:657,28
DA:658,28
DA:659,28
DA:660,28
DA:661,28
DA:662,28
DA:663,28
DA:664,28
DA:665,28
DA:666,28
DA:667,28
DA:668,28
DA:669,28
DA:670,28
DA:671,28
DA:672,28
DA:673,28
DA:674,28
DA:675,28
DA:676,28
DA:677,28
DA:678,28
DA:679,28
DA:680,28
DA:681,28
DA:682,28
DA:683,28
DA:684,28
DA:688,24
DA:689,24
DA:690,24
DA:691,24
DA:692,24
DA:693,24
DA:694,24
DA:695,24
DA:696,24
DA:697,24
DA:698,24
DA:703,10
DA:704,10
DA:705,10
DA:706,10
DA:707,10
DA:708,10
DA:709,10
DA:710,10
DA:711,10
DA:712,10
DA:713,10
DA:714,10
DA:717,0
DA:718,0
DA:719,0
DA:723,9
DA:724,9
DA:725,9
DA:729,10
DA:730,10
DA:731,10
DA:732,10
DA:733,10
DA:734,10
DA:735,10
DA:736,10
DA:737,10
DA:738,10
DA:742,14
DA:743,14
DA:744,14
DA:745,14
DA:746,14
DA:747,14
DA:748,14
DA:749,14
DA:750,14
DA:751,14
DA:752,14
DA:753,14
DA:757,15
DA:758,15
DA:759,15
DA:760,15
DA:761,15
DA:762,15
DA:763,15
DA:764,15
DA:765,15
BRF:0
BRH:0
LF:195
LH:159
end_of_record
SF:/Users/cklat/dev/constellation/crates/constellation-core/src/models/mcp.rs
FN:341,_RNCNvMs1_NtNtCs30zC7DrykB7_18constellation_core6models3mcpNtB7_13KeyManagement12register_key0Bb_
FN:531,_RNCNvMs5_NtNtCs30zC7DrykB7_18constellation_core6models3mcpNtB7_12AuditLogging8get_logs0Bb_
FN:560,_RNCNvMs5_NtNtCs30zC7DrykB7_18constellation_core6models3mcpNtB7_12AuditLogging8get_logss0_0Bb_
FN:552,_RNCNvMs5_NtNtCs30zC7DrykB7_18constellation_core6models3mcpNtB7_12AuditLogging8get_logss_0Bb_
FN:335,_RNvMs1_NtNtCs30zC7DrykB7_18constellation_core6models3mcpNtB5_13KeyManagement12register_key
FN:330,_RNvMs1_NtNtCs30zC7DrykB7_18constellation_core6models3mcpNtB5_13KeyManagement3new
FN:433,_RNvMs4_NtNtCs30zC7DrykB7_18constellation_core6models3mcpNtB5_13AccessControl3new
FN:462,_RNvMs4_NtNtCs30zC7DrykB7_18constellation_core6models3mcpNtB5_13AccessControl8add_rule
FN:485,_RNvMs5_NtNtCs30zC7DrykB7_18constellation_core6models3mcpNtB5_12AuditLogging3new
FN:517,_RNvMs5_NtNtCs30zC7DrykB7_18constellation_core6models3mcpNtB5_12AuditLogging8get_logs
FN:490,_RNvMs5_NtNtCs30zC7DrykB7_18constellation_core6models3mcpNtB5_12AuditLogging9log_event
FN:595,_RNvMs6_NtNtCs30zC7DrykB7_18constellation_core6models3mcpNtB5_17McpSecureEnvelope10is_expired
FN:573,_RNvMs6_NtNtCs30zC7DrykB7_18constellation_core6models3mcpNtB5_17McpSecureEnvelope3new
FN:57,_RNvXNtNtCs30zC7DrykB7_18constellation_core6models3mcpNtB2_13McpAlgorithmsNtNtCskzPJi2J8k3N_4core7default7Default7default
FN:310,_RNvXs0_NtNtCs30zC7DrykB7_18constellation_core6models3mcpNtB5_13KeyManagementNtNtCskzPJi2J8k3N_4core7default7Default7default
FN:368,_RNvXs2_NtNtCs30zC7DrykB7_18constellation_core6models3mcpNtB5_13AccessControlNtNtCskzPJi2J8k3N_4core7default7Default7default
FN:402,_RNvXs3_NtNtCs30zC7DrykB7_18constellation_core6models3mcpNtB5_12AuditLoggingNtNtCskzPJi2J8k3N_4core7default7Default7default
FN:298,_RNCNvMs_NtNtCs30zC7DrykB7_18constellation_core6models3mcpNtB6_18McpSecurityContext12is_compliant0Ba_
FN:350,_RNvMs1_NtNtCs30zC7DrykB7_18constellation_core6models3mcpNtB5_13KeyManagement10rotate_key
FN:438,_RNvMs4_NtNtCs30zC7DrykB7_18constellation_core6models3mcpNtB5_13AccessControl13is_authorized
FN:604,_RNvMs6_NtNtCs30zC7DrykB7_18constellation_core6models3mcpNtB5_17McpSecureEnvelope14set_expiration
FN:297,_RNvMs_NtNtCs30zC7DrykB7_18constellation_core6models3mcpNtB4_18McpSecurityContext12is_compliant
FN:269,_RNvMs_NtNtCs30zC7DrykB7_18constellation_core6models3mcpNtB4_18McpSecurityContext13high_security
FN:281,_RNvMs_NtNtCs30zC7DrykB7_18constellation_core6models3mcpNtB4_18McpSecurityContext14add_compliance
FN:255,_RNvMs_NtNtCs30zC7DrykB7_18constellation_core6models3mcpNtB4_18McpSecurityContext3new
FNDA:0,_RNCNvMs1_NtNtCs30zC7DrykB7_18constellation_core6models3mcpNtB7_13KeyManagement12register_key0Bb_
FNDA:1,_RNCNvMs5_NtNtCs30zC7DrykB7_18constellation_core6models3mcpNtB7_12AuditLogging8get_logs0Bb_
FNDA:1,_RNCNvMs5_NtNtCs30zC7DrykB7_18constellation_core6models3mcpNtB7_12AuditLogging8get_logss0_0Bb_
FNDA:0,_RNCNvMs5_NtNtCs30zC7DrykB7_18constellation_core6models3mcpNtB7_12AuditLogging8get_logss_0Bb_
FNDA:3,_RNvMs1_NtNtCs30zC7DrykB7_18constellation_core6models3mcpNtB5_13KeyManagement12register_key
FNDA:4,_RNvMs1_NtNtCs30zC7DrykB7_18constellation_core6models3mcpNtB5_13KeyManagement3new
FNDA:4,_RNvMs4_NtNtCs30zC7DrykB7_18constellation_core6models3mcpNtB5_13AccessControl3new
FNDA:1,_RNvMs4_NtNtCs30zC7DrykB7_18constellation_core6models3mcpNtB5_13AccessControl8add_rule
FNDA:4,_RNvMs5_NtNtCs30zC7DrykB7_18constellation_core6models3mcpNtB5_12AuditLogging3new
FNDA:1,_RNvMs5_NtNtCs30zC7DrykB7_18constellation_core6models3mcpNtB5_12AuditLogging8get_logs
FNDA:4,_RNvMs5_NtNtCs30zC7DrykB7_18constellation_core6models3mcpNtB5_12AuditLogging9log_event
FNDA:1,_RNvMs6_NtNtCs30zC7DrykB7_18constellation_core6models3mcpNtB5_17McpSecureEnvelope10is_expired
FNDA:1,_RNvMs6_NtNtCs30zC7DrykB7_18constellation_core6models3mcpNtB5_17McpSecureEnvelope3new
FNDA:2,_RNvXNtNtCs30zC7DrykB7_18constellation_core6models3mcpNtB2_13McpAlgorithmsNtNtCskzPJi2J8k3N_4core7default7Default7default
FNDA:4,_RNvXs0_NtNtCs30zC7DrykB7_18constellation_core6models3mcpNtB5_13KeyManagementNtNtCskzPJi2J8k3N_4core7default7Default7default
FNDA:4,_RNvXs2_NtNtCs30zC7DrykB7_18constellation_core6models3mcpNtB5_13AccessControlNtNtCskzPJi2J8k3N_4core7default7Default7default
FNDA:4,_RNvXs3_NtNtCs30zC7DrykB7_18constellation_core6models3mcpNtB5_12AuditLoggingNtNtCskzPJi2J8k3N_4core7default7Default7default
FNDA:0,_RNCNvMs_NtNtCs30zC7DrykB7_18constellation_core6models3mcpNtB6_18McpSecurityContext12is_compliant0Ba_
FNDA:0,_RNvMs1_NtNtCs30zC7DrykB7_18constellation_core6models3mcpNtB5_13KeyManagement10rotate_key
FNDA:0,_RNvMs4_NtNtCs30zC7DrykB7_18constellation_core6models3mcpNtB5_13AccessControl13is_authorized
FNDA:0,_RNvMs6_NtNtCs30zC7DrykB7_18constellation_core6models3mcpNtB5_17McpSecureEnvelope14set_expiration
FNDA:0,_RNvMs_NtNtCs30zC7DrykB7_18constellation_core6models3mcpNtB4_18McpSecurityContext12is_compliant
FNDA:0,_RNvMs_NtNtCs30zC7DrykB7_18constellation_core6models3mcpNtB4_18McpSecurityContext13high_security
FNDA:0,_RNvMs_NtNtCs30zC7DrykB7_18constellation_core6models3mcpNtB4_18McpSecurityContext14add_compliance
FNDA:0,_RNvMs_NtNtCs30zC7DrykB7_18constellation_core6models3mcpNtB4_18McpSecurityContext3new
FNF:25
FNH:15
DA:57,2
DA:58,2
DA:59,2
DA:60,2
DA:61,2
DA:62,2
DA:63,2
DA:64,2
DA:255,0
DA:256,0
DA:257,0
DA:258,0
DA:259,0
DA:260,0
DA:261,0
DA:262,0
DA:263,0
DA:264,0
DA:265,0
DA:266,0
DA:269,0
DA:270,0
DA:272,0
DA:273,0
DA:274,0
DA:275,0
DA:277,0
DA:278,0
DA:281,0
DA:282,0
DA:283,0
DA:284,0
DA:285,0
DA:286,0
DA:287,0
DA:288,0
DA:289,0
DA:290,0
DA:291,0
DA:292,0
DA:293,0
DA:294,0
DA:297,0
DA:298,0
DA:299,0
DA:300,0
DA:301,0
DA:302,0
DA:305,0
DA:306,0
DA:310,4
DA:311,4
DA:312,4
DA:313,4
DA:314,4
DA:315,4
DA:316,4
DA:317,4
DA:318,4
DA:319,4
DA:320,4
DA:321,4
DA:322,4
DA:323,4
DA:324,4
DA:325,4
DA:330,4
DA:331,4
DA:332,4
DA:335,3
DA:336,3
DA:337,3
DA:338,3
DA:339,3
DA:340,3
DA:341,3
DA:342,3
DA:343,3
DA:344,3
DA:347,3
DA:350,0
DA:351,0
DA:352,0
DA:353,0
DA:354,0
DA:355,0
DA:356,0
DA:357,0
DA:358,0
DA:359,0
DA:360,0
DA:361,0
DA:362,0
DA:363,0
DA:364,0
DA:368,4
DA:369,4
DA:370,4
DA:371,4
DA:372,4
DA:373,4
DA:374,4
DA:375,4
DA:376,4
DA:377,4
DA:378,4
DA:379,4
DA:380,4
DA:381,4
DA:382,4
DA:383,4
DA:384,4
DA:385,4
DA:386,4
DA:387,4
DA:388,4
DA:389,4
DA:390,4
DA:391,4
DA:392,4
DA:393,4
DA:394,4
DA:395,4
DA:396,4
DA:397,4
DA:398,4
DA:402,4
DA:403,4
DA:404,4
DA:405,4
DA:406,4
DA:407,4
DA:408,4
DA:409,4
DA:410,4
DA:411,4
DA:412,4
DA:413,4
DA:414,4
DA:415,4
DA:416,4
DA:417,4
DA:418,4
DA:419,4
DA:420,4
DA:421,4
DA:422,4
DA:423,4
DA:424,4
DA:425,4
DA:426,4
DA:427,4
DA:428,4
DA:433,4
DA:434,4
DA:435,4
DA:438,0
DA:440,0
DA:441,0
DA:442,0
DA:443,0
DA:446,0
DA:449,0
DA:450,0
DA:451,0
DA:453,0
DA:454,0
DA:458,0
DA:459,0
DA:462,1
DA:463,1
DA:464,1
DA:465,1
DA:466,1
DA:467,1
DA:468,1
DA:469,1
DA:470,1
DA:471,1
DA:472,1
DA:473,1
DA:474,1
DA:475,1
DA:476,1
DA:477,1
DA:480,1
DA:485,4
DA:486,4
DA:487,4
DA:490,4
DA:491,4
DA:492,4
DA:493,4
DA:494,4
DA:495,4
DA:496,4
DA:497,4
DA:498,0
DA:499,4
DA:501,4
DA:502,4
DA:504,4
DA:505,4
DA:506,4
DA:507,4
DA:508,4
DA:509,4
DA:510,4
DA:511,4
DA:514,4
DA:517,1
DA:518,1
DA:519,1
DA:520,1
DA:521,1
DA:522,1
DA:523,1
DA:525,2
DA:526,1
DA:527,0
DA:528,1
DA:530,1
DA:531,1
DA:532,1
DA:534,1
DA:537,1
DA:538,0
DA:540,0
DA:541,1
DA:543,1
DA:544,0
DA:546,0
DA:547,1
DA:550,1
DA:551,0
DA:552,0
DA:554,0
DA:555,0
DA:556,0
DA:557,0
DA:558,1
DA:560,1
DA:561,1
DA:562,1
DA:563,0
DA:566,1
DA:567,1
DA:568,1
DA:573,1
DA:574,1
DA:575,1
DA:576,1
DA:577,1
DA:578,1
DA:579,1
DA:580,1
DA:581,1
DA:582,1
DA:583,1
DA:584,1
DA:585,1
DA:586,1
DA:587,1
DA:588,1
DA:589,1
DA:590,1
DA:591,1
DA:592,1
DA:595,1
DA:596,1
DA:597,0
DA:599,1
DA:601,1
DA:604,0
DA:605,0
DA:606,0
BRF:0
BRH:0
LF:281
LH:191
end_of_record
SF:/Users/cklat/dev/constellation/crates/constellation-core/src/models/message_broker.rs
FN:139,_RNvMNtNtCs30zC7DrykB7_18constellation_core6models14message_brokerNtB2_7Message10is_expired
FN:133,_RNvMNtNtCs30zC7DrykB7_18constellation_core6models14message_brokerNtB2_7Message13with_metadata
FN:120,_RNvMNtNtCs30zC7DrykB7_18constellation_core6models14message_brokerNtB2_7Message13with_priority
FN:108,_RNvMNtNtCs30zC7DrykB7_18constellation_core6models14message_brokerNtB2_7Message19with_correlation_id
FN:114,_RNvMNtNtCs30zC7DrykB7_18constellation_core6models14message_brokerNtB2_7Message20with_conversation_id
FN:126,_RNvMNtNtCs30zC7DrykB7_18constellation_core6models14message_brokerNtB2_7Message8with_ttl
FN:236,_RNvMs0_NtNtCs30zC7DrykB7_18constellation_core6models14message_brokerNtB5_19DeliveryStatusEntry11mark_failed
FN:227,_RNvMs0_NtNtCs30zC7DrykB7_18constellation_core6models14message_brokerNtB5_19DeliveryStatusEntry14mark_delivered
FN:220,_RNvMs0_NtNtCs30zC7DrykB7_18constellation_core6models14message_brokerNtB5_19DeliveryStatusEntry15mark_delivering
FN:256,_RNvMs0_NtNtCs30zC7DrykB7_18constellation_core6models14message_brokerNtB5_19DeliveryStatusEntry18is_ready_for_retry
FN:199,_RNvMs0_NtNtCs30zC7DrykB7_18constellation_core6models14message_brokerNtB5_19DeliveryStatusEntry3new
FN:315,_RNvMs1_NtNtCs30zC7DrykB7_18constellation_core6models14message_brokerNtB5_12AgentSession10is_expired
FN:320,_RNvMs1_NtNtCs30zC7DrykB7_18constellation_core6models14message_brokerNtB5_12AgentSession9is_active
FN:422,_RNvMs2_NtNtCs30zC7DrykB7_18constellation_core6models14message_brokerNtB5_10A2AMessage10to_message
FN:462,_RNvMs2_NtNtCs30zC7DrykB7_18constellation_core6models14message_brokerNtB5_10A2AMessage13with_metadata
FN:444,_RNvMs2_NtNtCs30zC7DrykB7_18constellation_core6models14message_brokerNtB5_10A2AMessage20with_conversation_id
FN:468,_RNvMs2_NtNtCs30zC7DrykB7_18constellation_core6models14message_brokerNtB5_10A2AMessage23with_delivery_guarantee
FN:174,_RNvMs_NtNtCs30zC7DrykB7_18constellation_core6models14message_brokerNtB4_10QueueEntry11is_in_queue
FN:161,_RNvMs_NtNtCs30zC7DrykB7_18constellation_core6models14message_brokerNtB4_10QueueEntry3new
FN:76,_RNvMNtNtCs30zC7DrykB7_18constellation_core6models14message_brokerNtB2_7Message3new
FN:308,_RNvMs1_NtNtCs30zC7DrykB7_18constellation_core6models14message_brokerNtB5_12AgentSession15update_activity
FN:283,_RNvMs1_NtNtCs30zC7DrykB7_18constellation_core6models14message_brokerNtB5_12AgentSession3new
FN:450,_RNvMs2_NtNtCs30zC7DrykB7_18constellation_core6models14message_brokerNtB5_10A2AMessage13with_priority
FN:438,_RNvMs2_NtNtCs30zC7DrykB7_18constellation_core6models14message_brokerNtB5_10A2AMessage19with_correlation_id
FN:397,_RNvMs2_NtNtCs30zC7DrykB7_18constellation_core6models14message_brokerNtB5_10A2AMessage3new
FN:456,_RNvMs2_NtNtCs30zC7DrykB7_18constellation_core6models14message_brokerNtB5_10A2AMessage8with_ttl
FNDA:0,_RNvMNtNtCs30zC7DrykB7_18constellation_core6models14message_brokerNtB2_7Message10is_expired
FNDA:0,_RNvMNtNtCs30zC7DrykB7_18constellation_core6models14message_brokerNtB2_7Message13with_metadata
FNDA:0,_RNvMNtNtCs30zC7DrykB7_18constellation_core6models14message_brokerNtB2_7Message13with_priority
FNDA:0,_RNvMNtNtCs30zC7DrykB7_18constellation_core6models14message_brokerNtB2_7Message19with_correlation_id
FNDA:0,_RNvMNtNtCs30zC7DrykB7_18constellation_core6models14message_brokerNtB2_7Message20with_conversation_id
FNDA:0,_RNvMNtNtCs30zC7DrykB7_18constellation_core6models14message_brokerNtB2_7Message8with_ttl
FNDA:0,_RNvMs0_NtNtCs30zC7DrykB7_18constellation_core6models14message_brokerNtB5_19DeliveryStatusEntry11mark_failed
FNDA:0,_RNvMs0_NtNtCs30zC7DrykB7_18constellation_core6models14message_brokerNtB5_19DeliveryStatusEntry14mark_delivered
FNDA:0,_RNvMs0_NtNtCs30zC7DrykB7_18constellation_core6models14message_brokerNtB5_19DeliveryStatusEntry15mark_delivering
FNDA:0,_RNvMs0_NtNtCs30zC7DrykB7_18constellation_core6models14message_brokerNtB5_19DeliveryStatusEntry18is_ready_for_retry
FNDA:0,_RNvMs0_NtNtCs30zC7DrykB7_18constellation_core6models14message_brokerNtB5_19DeliveryStatusEntry3new
FNDA:0,_RNvMs1_NtNtCs30zC7DrykB7_18constellation_core6models14message_brokerNtB5_12AgentSession10is_expired
FNDA:0,_RNvMs1_NtNtCs30zC7DrykB7_18constellation_core6models14message_brokerNtB5_12AgentSession9is_active
FNDA:0,_RNvMs2_NtNtCs30zC7DrykB7_18constellation_core6models14message_brokerNtB5_10A2AMessage10to_message
FNDA:0,_RNvMs2_NtNtCs30zC7DrykB7_18constellation_core6models14message_brokerNtB5_10A2AMessage13with_metadata
FNDA:0,_RNvMs2_NtNtCs30zC7DrykB7_18constellation_core6models14message_brokerNtB5_10A2AMessage20with_conversation_id
FNDA:0,_RNvMs2_NtNtCs30zC7DrykB7_18constellation_core6models14message_brokerNtB5_10A2AMessage23with_delivery_guarantee
FNDA:0,_RNvMs_NtNtCs30zC7DrykB7_18constellation_core6models14message_brokerNtB4_10QueueEntry11is_in_queue
FNDA:0,_RNvMs_NtNtCs30zC7DrykB7_18constellation_core6models14message_brokerNtB4_10QueueEntry3new
FNDA:14,_RNvMNtNtCs30zC7DrykB7_18constellation_core6models14message_brokerNtB2_7Message3new
FNDA:3,_RNvMs1_NtNtCs30zC7DrykB7_18constellation_core6models14message_brokerNtB5_12AgentSession15update_activity
FNDA:10,_RNvMs1_NtNtCs30zC7DrykB7_18constellation_core6models14message_brokerNtB5_12AgentSession3new
FNDA:1,_RNvMs2_NtNtCs30zC7DrykB7_18constellation_core6models14message_brokerNtB5_10A2AMessage13with_priority
FNDA:1,_RNvMs2_NtNtCs30zC7DrykB7_18constellation_core6models14message_brokerNtB5_10A2AMessage19with_correlation_id
FNDA:1,_RNvMs2_NtNtCs30zC7DrykB7_18constellation_core6models14message_brokerNtB5_10A2AMessage3new
FNDA:1,_RNvMs2_NtNtCs30zC7DrykB7_18constellation_core6models14message_brokerNtB5_10A2AMessage8with_ttl
FNF:26
FNH:7
DA:76,14
DA:77,14
DA:78,14
DA:79,14
DA:80,14
DA:81,14
DA:82,14
DA:83,14
DA:85,14
DA:86,14
DA:87,14
DA:88,14
DA:89,14
DA:90,14
DA:91,14
DA:92,14
DA:93,14
DA:94,14
DA:95,14
DA:96,14
DA:97,14
DA:98,14
DA:99,14
DA:100,14
DA:101,14
DA:102,14
DA:103,14
DA:104,14
DA:105,14
DA:108,0
DA:109,0
DA:110,0
DA:111,0
DA:114,0
DA:115,0
DA:116,0
DA:117,0
DA:120,0
DA:121,0
DA:122,0
DA:123,0
DA:126,0
DA:127,0
DA:128,0
DA:129,0
DA:130,0
DA:133,0
DA:134,0
DA:135,0
DA:136,0
DA:139,0
DA:140,0
DA:141,0
DA:142,0
DA:144,0
DA:161,0
DA:162,0
DA:163,0
DA:164,0
DA:165,0
DA:166,0
DA:167,0
DA:168,0
DA:169,0
DA:170,0
DA:171,0
DA:174,0
DA:175,0
DA:176,0
DA:199,0
DA:200,0
DA:202,0
DA:203,0
DA:204,0
DA:205,0
DA:206,0
DA:207,0
DA:208,0
DA:209,0
DA:210,0
DA:211,0
DA:212,0
DA:213,0
DA:214,0
DA:215,0
DA:216,0
DA:217,0
DA:220,0
DA:221,0
DA:222,0
DA:223,0
DA:224,0
DA:227,0
DA:228,0
DA:229,0
DA:230,0
DA:231,0
DA:232,0
DA:233,0
DA:236,0
DA:237,0
DA:238,0
DA:239,0
DA:240,0
DA:241,0
DA:243,0
DA:244,0
DA:245,0
DA:248,0
DA:249,0
DA:250,0
DA:251,0
DA:253,0
DA:256,0
DA:257,0
DA:258,0
DA:259,0
DA:261,0
DA:283,10
DA:284,10
DA:285,10
DA:286,10
DA:287,10
DA:288,10
DA:289,10
DA:291,10
DA:292,10
DA:293,10
DA:294,10
DA:295,10
DA:296,10
DA:297,10
DA:298,10
DA:299,10
DA:300,10
DA:301,10
DA:302,10
DA:303,10
DA:304,10
DA:305,10
DA:308,3
DA:309,3
DA:311,3
DA:312,3
DA:315,0
DA:316,0
DA:317,0
DA:320,0
DA:321,0
DA:322,0
DA:397,1
DA:398,1
DA:399,1
DA:400,1
DA:401,1
DA:402,1
DA:403,1
DA:404,1
DA:405,1
DA:406,1
DA:407,1
DA:408,1
DA:409,1
DA:410,1
DA:411,1
DA:412,1
DA:413,1
DA:414,1
DA:415,1
DA:416,1
DA:417,1
DA:418,1
DA:419,1
DA:422,0
DA:423,0
DA:424,0
DA:425,0
DA:426,0
DA:427,0
DA:428,0
DA:430,0
DA:431,0
DA:432,0
DA:433,0
DA:434,0
DA:435,0
DA:438,1
DA:439,1
DA:440,1
DA:441,1
DA:444,0
DA:445,0
DA:446,0
DA:447,0
DA:450,1
DA:451,1
DA:452,1
DA:453,1
DA:456,1
DA:457,1
DA:458,1
DA:459,1
DA:462,0
DA:463,0
DA:464,0
DA:465,0
DA:468,0
DA:469,0
DA:470,0
DA:471,0
BRF:0
BRH:0
LF:210
LH:90
end_of_record